[0.067s] DEBUG:colcon:Command line arguments: ['/usr/bin/colcon', 'build', '--symlink-install']
[0.067s] DEBUG:colcon:Parsed command line arguments: Namespace(log_base=None, log_level=None, verb_name='build', build_base='build', install_base='install', merge_install=False, symlink_install=True, test_result_base=None, continue_on_error=False, executor='parallel', parallel_workers=16, event_handlers=None, ignore_user_meta=False, metas=['./colcon.meta'], base_paths=['.'], packages_ignore=None, packages_ignore_regex=None, paths=None, packages_up_to=None, packages_up_to_regex=None, packages_above=None, packages_above_and_dependencies=None, packages_above_depth=None, packages_select_by_dep=None, packages_skip_by_dep=None, packages_skip_up_to=None, packages_select_build_failed=False, packages_skip_build_finished=False, packages_select_test_failures=False, packages_skip_test_passed=False, packages_select=None, packages_skip=None, packages_select_regex=None, packages_skip_regex=None, packages_start=None, packages_end=None, allow_overriding=[], cmake_args=None, cmake_target=None, cmake_target_skip_unavailable=False, cmake_clean_cache=False, cmake_clean_first=False, cmake_force_configure=False, ament_cmake_args=None, catkin_cmake_args=None, catkin_skip_building_tests=False, verb_parser=<colcon_defaults.argument_parser.defaults.DefaultArgumentsDecorator object at 0x727e08bf64d0>, verb_extension=<colcon_core.verb.build.BuildVerb object at 0x727e08bf5fc0>, main=<bound method BuildVerb.main of <colcon_core.verb.build.BuildVerb object at 0x727e08bf5fc0>>)
[0.188s] Level 1:colcon.colcon_core.package_discovery:discover_packages(colcon_meta) check parameters
[0.188s] Level 1:colcon.colcon_core.package_discovery:discover_packages(recursive) check parameters
[0.188s] Level 1:colcon.colcon_core.package_discovery:discover_packages(ignore) check parameters
[0.188s] Level 1:colcon.colcon_core.package_discovery:discover_packages(path) check parameters
[0.188s] Level 1:colcon.colcon_core.package_discovery:discover_packages(colcon_meta) discover
[0.189s] Level 1:colcon.colcon_core.package_discovery:discover_packages(recursive) discover
[0.189s] INFO:colcon.colcon_core.package_discovery:Crawling recursively for packages in '/home/ubuntu22/so_arm100_write/ros2_ws'
[0.189s] Level 1:colcon.colcon_core.package_identification:_identify(.) by extensions ['ignore', 'ignore_ament_install']
[0.189s] Level 1:colcon.colcon_core.package_identification:_identify(.) by extension 'ignore'
[0.189s] Level 1:colcon.colcon_core.package_identification:_identify(.) by extension 'ignore_ament_install'
[0.189s] Level 1:colcon.colcon_core.package_identification:_identify(.) by extensions ['colcon_pkg']
[0.189s] Level 1:colcon.colcon_core.package_identification:_identify(.) by extension 'colcon_pkg'
[0.189s] Level 1:colcon.colcon_core.package_identification:_identify(.) by extensions ['colcon_meta']
[0.189s] Level 1:colcon.colcon_core.package_identification:_identify(.) by extension 'colcon_meta'
[0.189s] Level 1:colcon.colcon_core.package_identification:_identify(.) by extensions ['ros']
[0.189s] Level 1:colcon.colcon_core.package_identification:_identify(.) by extension 'ros'
[0.211s] Level 1:colcon.colcon_core.package_identification:_identify(.) by extensions ['cmake', 'python']
[0.211s] Level 1:colcon.colcon_core.package_identification:_identify(.) by extension 'cmake'
[0.211s] Level 1:colcon.colcon_core.package_identification:_identify(.) by extension 'python'
[0.211s] Level 1:colcon.colcon_core.package_identification:_identify(.) by extensions ['python_setup_py']
[0.211s] Level 1:colcon.colcon_core.package_identification:_identify(.) by extension 'python_setup_py'
[0.211s] Level 1:colcon.colcon_core.package_identification:_identify(build) by extensions ['ignore', 'ignore_ament_install']
[0.211s] Level 1:colcon.colcon_core.package_identification:_identify(build) by extension 'ignore'
[0.211s] Level 1:colcon.colcon_core.package_identification:_identify(build) ignored
[0.212s] Level 1:colcon.colcon_core.package_identification:_identify(install) by extensions ['ignore', 'ignore_ament_install']
[0.212s] Level 1:colcon.colcon_core.package_identification:_identify(install) by extension 'ignore'
[0.212s] Level 1:colcon.colcon_core.package_identification:_identify(install) ignored
[0.212s] Level 1:colcon.colcon_core.package_identification:_identify(log) by extensions ['ignore', 'ignore_ament_install']
[0.212s] Level 1:colcon.colcon_core.package_identification:_identify(log) by extension 'ignore'
[0.212s] Level 1:colcon.colcon_core.package_identification:_identify(log) ignored
[0.212s] Level 1:colcon.colcon_core.package_identification:_identify(src) by extensions ['ignore', 'ignore_ament_install']
[0.212s] Level 1:colcon.colcon_core.package_identification:_identify(src) by extension 'ignore'
[0.212s] Level 1:colcon.colcon_core.package_identification:_identify(src) by extension 'ignore_ament_install'
[0.212s] Level 1:colcon.colcon_core.package_identification:_identify(src) by extensions ['colcon_pkg']
[0.212s] Level 1:colcon.colcon_core.package_identification:_identify(src) by extension 'colcon_pkg'
[0.212s] Level 1:colcon.colcon_core.package_identification:_identify(src) by extensions ['colcon_meta']
[0.212s] Level 1:colcon.colcon_core.package_identification:_identify(src) by extension 'colcon_meta'
[0.212s] Level 1:colcon.colcon_core.package_identification:_identify(src) by extensions ['ros']
[0.212s] Level 1:colcon.colcon_core.package_identification:_identify(src) by extension 'ros'
[0.212s] Level 1:colcon.colcon_core.package_identification:_identify(src) by extensions ['cmake', 'python']
[0.212s] Level 1:colcon.colcon_core.package_identification:_identify(src) by extension 'cmake'
[0.212s] Level 1:colcon.colcon_core.package_identification:_identify(src) by extension 'python'
[0.212s] Level 1:colcon.colcon_core.package_identification:_identify(src) by extensions ['python_setup_py']
[0.212s] Level 1:colcon.colcon_core.package_identification:_identify(src) by extension 'python_setup_py'
[0.212s] Level 1:colcon.colcon_core.package_identification:_identify(src/arm_description) by extensions ['ignore', 'ignore_ament_install']
[0.213s] Level 1:colcon.colcon_core.package_identification:_identify(src/arm_description) by extension 'ignore'
[0.213s] Level 1:colcon.colcon_core.package_identification:_identify(src/arm_description) by extension 'ignore_ament_install'
[0.213s] Level 1:colcon.colcon_core.package_identification:_identify(src/arm_description) by extensions ['colcon_pkg']
[0.213s] Level 1:colcon.colcon_core.package_identification:_identify(src/arm_description) by extension 'colcon_pkg'
[0.213s] Level 1:colcon.colcon_core.package_identification:_identify(src/arm_description) by extensions ['colcon_meta']
[0.213s] Level 1:colcon.colcon_core.package_identification:_identify(src/arm_description) by extension 'colcon_meta'
[0.213s] Level 1:colcon.colcon_core.package_identification:_identify(src/arm_description) by extensions ['ros']
[0.213s] Level 1:colcon.colcon_core.package_identification:_identify(src/arm_description) by extension 'ros'
[0.214s] DEBUG:colcon.colcon_core.package_identification:Package 'src/arm_description' with type 'ros.ament_cmake' and name 'arm_description'
[0.215s] Level 1:colcon.colcon_core.package_identification:_identify(src/arm_planning) by extensions ['ignore', 'ignore_ament_install']
[0.215s] Level 1:colcon.colcon_core.package_identification:_identify(src/arm_planning) by extension 'ignore'
[0.215s] Level 1:colcon.colcon_core.package_identification:_identify(src/arm_planning) by extension 'ignore_ament_install'
[0.215s] Level 1:colcon.colcon_core.package_identification:_identify(src/arm_planning) by extensions ['colcon_pkg']
[0.215s] Level 1:colcon.colcon_core.package_identification:_identify(src/arm_planning) by extension 'colcon_pkg'
[0.215s] Level 1:colcon.colcon_core.package_identification:_identify(src/arm_planning) by extensions ['colcon_meta']
[0.215s] Level 1:colcon.colcon_core.package_identification:_identify(src/arm_planning) by extension 'colcon_meta'
[0.215s] Level 1:colcon.colcon_core.package_identification:_identify(src/arm_planning) by extensions ['ros']
[0.215s] Level 1:colcon.colcon_core.package_identification:_identify(src/arm_planning) by extension 'ros'
[0.215s] DEBUG:colcon.colcon_core.package_identification:Package 'src/arm_planning' with type 'ros.ament_python' and name 'arm_planning'
[0.215s] Level 1:colcon.colcon_core.package_identification:_identify(src/arm_visualization) by extensions ['ignore', 'ignore_ament_install']
[0.215s] Level 1:colcon.colcon_core.package_identification:_identify(src/arm_visualization) by extension 'ignore'
[0.215s] Level 1:colcon.colcon_core.package_identification:_identify(src/arm_visualization) by extension 'ignore_ament_install'
[0.216s] Level 1:colcon.colcon_core.package_identification:_identify(src/arm_visualization) by extensions ['colcon_pkg']
[0.216s] Level 1:colcon.colcon_core.package_identification:_identify(src/arm_visualization) by extension 'colcon_pkg'
[0.216s] Level 1:colcon.colcon_core.package_identification:_identify(src/arm_visualization) by extensions ['colcon_meta']
[0.216s] Level 1:colcon.colcon_core.package_identification:_identify(src/arm_visualization) by extension 'colcon_meta'
[0.216s] Level 1:colcon.colcon_core.package_identification:_identify(src/arm_visualization) by extensions ['ros']
[0.216s] Level 1:colcon.colcon_core.package_identification:_identify(src/arm_visualization) by extension 'ros'
[0.216s] DEBUG:colcon.colcon_core.package_identification:Package 'src/arm_visualization' with type 'ros.ament_python' and name 'arm_visualization'
[0.216s] Level 1:colcon.colcon_core.package_discovery:discover_packages(recursive) using defaults
[0.216s] Level 1:colcon.colcon_core.package_discovery:discover_packages(ignore) discover
[0.216s] Level 1:colcon.colcon_core.package_discovery:discover_packages(ignore) using defaults
[0.216s] Level 1:colcon.colcon_core.package_discovery:discover_packages(path) discover
[0.216s] Level 1:colcon.colcon_core.package_discovery:discover_packages(path) using defaults
[0.229s] Level 1:colcon.colcon_core.package_discovery:discover_packages(prefix_path) check parameters
[0.229s] Level 1:colcon.colcon_core.package_discovery:discover_packages(prefix_path) discover
[0.230s] DEBUG:colcon.colcon_installed_package_information.package_discovery:Found 378 installed packages in /opt/ros/humble
[0.232s] Level 1:colcon.colcon_core.package_discovery:discover_packages(prefix_path) using defaults
[0.257s] Level 5:colcon.colcon_core.verb:set package 'arm_description' build argument 'cmake_args' from command line to 'None'
[0.257s] Level 5:colcon.colcon_core.verb:set package 'arm_description' build argument 'cmake_target' from command line to 'None'
[0.257s] Level 5:colcon.colcon_core.verb:set package 'arm_description' build argument 'cmake_target_skip_unavailable' from command line to 'False'
[0.257s] Level 5:colcon.colcon_core.verb:set package 'arm_description' build argument 'cmake_clean_cache' from command line to 'False'
[0.257s] Level 5:colcon.colcon_core.verb:set package 'arm_description' build argument 'cmake_clean_first' from command line to 'False'
[0.257s] Level 5:colcon.colcon_core.verb:set package 'arm_description' build argument 'cmake_force_configure' from command line to 'False'
[0.257s] Level 5:colcon.colcon_core.verb:set package 'arm_description' build argument 'ament_cmake_args' from command line to 'None'
[0.257s] Level 5:colcon.colcon_core.verb:set package 'arm_description' build argument 'catkin_cmake_args' from command line to 'None'
[0.257s] Level 5:colcon.colcon_core.verb:set package 'arm_description' build argument 'catkin_skip_building_tests' from command line to 'False'
[0.257s] DEBUG:colcon.colcon_core.verb:Building package 'arm_description' with the following arguments: {'ament_cmake_args': None, 'build_base': '/home/ubuntu22/so_arm100_write/ros2_ws/build/arm_description', 'catkin_cmake_args': None, 'catkin_skip_building_tests': False, 'cmake_args': None, 'cmake_clean_cache': False, 'cmake_clean_first': False, 'cmake_force_configure': False, 'cmake_target': None, 'cmake_target_skip_unavailable': False, 'install_base': '/home/ubuntu22/so_arm100_write/ros2_ws/install/arm_description', 'merge_install': False, 'path': '/home/ubuntu22/so_arm100_write/ros2_ws/src/arm_description', 'symlink_install': True, 'test_result_base': None}
[0.257s] Level 5:colcon.colcon_core.verb:set package 'arm_planning' build argument 'cmake_args' from command line to 'None'
[0.257s] Level 5:colcon.colcon_core.verb:set package 'arm_planning' build argument 'cmake_target' from command line to 'None'
[0.257s] Level 5:colcon.colcon_core.verb:set package 'arm_planning' build argument 'cmake_target_skip_unavailable' from command line to 'False'
[0.258s] Level 5:colcon.colcon_core.verb:set package 'arm_planning' build argument 'cmake_clean_cache' from command line to 'False'
[0.258s] Level 5:colcon.colcon_core.verb:set package 'arm_planning' build argument 'cmake_clean_first' from command line to 'False'
[0.258s] Level 5:colcon.colcon_core.verb:set package 'arm_planning' build argument 'cmake_force_configure' from command line to 'False'
[0.258s] Level 5:colcon.colcon_core.verb:set package 'arm_planning' build argument 'ament_cmake_args' from command line to 'None'
[0.258s] Level 5:colcon.colcon_core.verb:set package 'arm_planning' build argument 'catkin_cmake_args' from command line to 'None'
[0.258s] Level 5:colcon.colcon_core.verb:set package 'arm_planning' build argument 'catkin_skip_building_tests' from command line to 'False'
[0.258s] DEBUG:colcon.colcon_core.verb:Building package 'arm_planning' with the following arguments: {'ament_cmake_args': None, 'build_base': '/home/ubuntu22/so_arm100_write/ros2_ws/build/arm_planning', 'catkin_cmake_args': None, 'catkin_skip_building_tests': False, 'cmake_args': None, 'cmake_clean_cache': False, 'cmake_clean_first': False, 'cmake_force_configure': False, 'cmake_target': None, 'cmake_target_skip_unavailable': False, 'install_base': '/home/ubuntu22/so_arm100_write/ros2_ws/install/arm_planning', 'merge_install': False, 'path': '/home/ubuntu22/so_arm100_write/ros2_ws/src/arm_planning', 'symlink_install': True, 'test_result_base': None}
[0.258s] Level 5:colcon.colcon_core.verb:set package 'arm_visualization' build argument 'cmake_args' from command line to 'None'
[0.258s] Level 5:colcon.colcon_core.verb:set package 'arm_visualization' build argument 'cmake_target' from command line to 'None'
[0.258s] Level 5:colcon.colcon_core.verb:set package 'arm_visualization' build argument 'cmake_target_skip_unavailable' from command line to 'False'
[0.258s] Level 5:colcon.colcon_core.verb:set package 'arm_visualization' build argument 'cmake_clean_cache' from command line to 'False'
[0.258s] Level 5:colcon.colcon_core.verb:set package 'arm_visualization' build argument 'cmake_clean_first' from command line to 'False'
[0.258s] Level 5:colcon.colcon_core.verb:set package 'arm_visualization' build argument 'cmake_force_configure' from command line to 'False'
[0.258s] Level 5:colcon.colcon_core.verb:set package 'arm_visualization' build argument 'ament_cmake_args' from command line to 'None'
[0.258s] Level 5:colcon.colcon_core.verb:set package 'arm_visualization' build argument 'catkin_cmake_args' from command line to 'None'
[0.258s] Level 5:colcon.colcon_core.verb:set package 'arm_visualization' build argument 'catkin_skip_building_tests' from command line to 'False'
[0.258s] DEBUG:colcon.colcon_core.verb:Building package 'arm_visualization' with the following arguments: {'ament_cmake_args': None, 'build_base': '/home/ubuntu22/so_arm100_write/ros2_ws/build/arm_visualization', 'catkin_cmake_args': None, 'catkin_skip_building_tests': False, 'cmake_args': None, 'cmake_clean_cache': False, 'cmake_clean_first': False, 'cmake_force_configure': False, 'cmake_target': None, 'cmake_target_skip_unavailable': False, 'install_base': '/home/ubuntu22/so_arm100_write/ros2_ws/install/arm_visualization', 'merge_install': False, 'path': '/home/ubuntu22/so_arm100_write/ros2_ws/src/arm_visualization', 'symlink_install': True, 'test_result_base': None}
[0.258s] INFO:colcon.colcon_core.executor:Executing jobs using 'parallel' executor
[0.259s] DEBUG:colcon.colcon_parallel_executor.executor.parallel:run_until_complete
[0.259s] INFO:colcon.colcon_ros.task.ament_cmake.build:Building ROS package in '/home/ubuntu22/so_arm100_write/ros2_ws/src/arm_description' with build type 'ament_cmake'
[0.259s] INFO:colcon.colcon_cmake.task.cmake.build:Building CMake package in '/home/ubuntu22/so_arm100_write/ros2_ws/src/arm_description'
[0.260s] INFO:colcon.colcon_core.plugin_system:Skipping extension 'colcon_core.shell.bat': Not used on non-Windows systems
[0.260s] INFO:colcon.colcon_core.shell:Skip shell extension 'powershell' for command environment: Not usable outside of PowerShell
[0.260s] DEBUG:colcon.colcon_core.shell:Skip shell extension 'dsv' for command environment
[0.263s] INFO:colcon.colcon_ros.task.ament_python.build:Building ROS package in '/home/ubuntu22/so_arm100_write/ros2_ws/src/arm_planning' with build type 'ament_python'
[0.263s] Level 1:colcon.colcon_core.shell:create_environment_hook('arm_planning', 'ament_prefix_path')
[0.263s] INFO:colcon.colcon_core.shell:Creating environment hook '/home/ubuntu22/so_arm100_write/ros2_ws/install/arm_planning/share/arm_planning/hook/ament_prefix_path.ps1'
[0.264s] INFO:colcon.colcon_core.shell:Creating environment descriptor '/home/ubuntu22/so_arm100_write/ros2_ws/install/arm_planning/share/arm_planning/hook/ament_prefix_path.dsv'
[0.264s] INFO:colcon.colcon_core.shell:Creating environment hook '/home/ubuntu22/so_arm100_write/ros2_ws/install/arm_planning/share/arm_planning/hook/ament_prefix_path.sh'
[0.264s] INFO:colcon.colcon_core.shell:Skip shell extension 'powershell' for command environment: Not usable outside of PowerShell
[0.264s] DEBUG:colcon.colcon_core.shell:Skip shell extension 'dsv' for command environment
[0.266s] INFO:colcon.colcon_ros.task.ament_python.build:Building ROS package in '/home/ubuntu22/so_arm100_write/ros2_ws/src/arm_visualization' with build type 'ament_python'
[0.266s] Level 1:colcon.colcon_core.shell:create_environment_hook('arm_visualization', 'ament_prefix_path')
[0.266s] INFO:colcon.colcon_core.shell:Creating environment hook '/home/ubuntu22/so_arm100_write/ros2_ws/install/arm_visualization/share/arm_visualization/hook/ament_prefix_path.ps1'
[0.267s] INFO:colcon.colcon_core.shell:Creating environment descriptor '/home/ubuntu22/so_arm100_write/ros2_ws/install/arm_visualization/share/arm_visualization/hook/ament_prefix_path.dsv'
[0.267s] INFO:colcon.colcon_core.shell:Creating environment hook '/home/ubuntu22/so_arm100_write/ros2_ws/install/arm_visualization/share/arm_visualization/hook/ament_prefix_path.sh'
[0.267s] INFO:colcon.colcon_core.shell:Skip shell extension 'powershell' for command environment: Not usable outside of PowerShell
[0.267s] DEBUG:colcon.colcon_core.shell:Skip shell extension 'dsv' for command environment
[0.272s] DEBUG:colcon.colcon_core.event_handler.log_command:Invoking command in '/home/ubuntu22/so_arm100_write/ros2_ws/build/arm_description': CMAKE_PREFIX_PATH=/opt/ros/humble CONDA_PROMPT_MODIFIER=(base) /home/ubuntu22/.local/bin/cmake --build /home/ubuntu22/so_arm100_write/ros2_ws/build/arm_description -- -j16 -l16
[0.460s] INFO:colcon.colcon_core.task.python.build:Building Python package in '/home/ubuntu22/so_arm100_write/ros2_ws/src/arm_planning'
[0.460s] INFO:colcon.colcon_core.shell:Skip shell extension 'powershell' for command environment: Not usable outside of PowerShell
[0.460s] DEBUG:colcon.colcon_core.shell:Skip shell extension 'dsv' for command environment
[0.647s] INFO:colcon.colcon_core.task.python.build:Building Python package in '/home/ubuntu22/so_arm100_write/ros2_ws/src/arm_visualization'
[0.647s] INFO:colcon.colcon_core.shell:Skip shell extension 'powershell' for command environment: Not usable outside of PowerShell
[0.648s] DEBUG:colcon.colcon_core.shell:Skip shell extension 'dsv' for command environment
[0.650s] DEBUG:colcon.colcon_core.event_handler.log_command:Invoked command in '/home/ubuntu22/so_arm100_write/ros2_ws/build/arm_description' returned '0': CMAKE_PREFIX_PATH=/opt/ros/humble CONDA_PROMPT_MODIFIER=(base) /home/ubuntu22/.local/bin/cmake --build /home/ubuntu22/so_arm100_write/ros2_ws/build/arm_description -- -j16 -l16
[0.700s] DEBUG:colcon.colcon_core.event_handler.log_command:Invoking command in '/home/ubuntu22/so_arm100_write/ros2_ws/build/arm_description': CMAKE_PREFIX_PATH=/opt/ros/humble CONDA_PROMPT_MODIFIER=(base) /home/ubuntu22/.local/bin/cmake --install /home/ubuntu22/so_arm100_write/ros2_ws/build/arm_description
[0.757s] Level 1:colcon.colcon_core.environment:create_environment_scripts_only(arm_description)
[0.757s] DEBUG:colcon.colcon_core.event_handler.log_command:Invoked command in '/home/ubuntu22/so_arm100_write/ros2_ws/build/arm_description' returned '0': CMAKE_PREFIX_PATH=/opt/ros/humble CONDA_PROMPT_MODIFIER=(base) /home/ubuntu22/.local/bin/cmake --install /home/ubuntu22/so_arm100_write/ros2_ws/build/arm_description
[0.759s] Level 1:colcon.colcon_core.environment:checking '/home/ubuntu22/so_arm100_write/ros2_ws/install/arm_description' for CMake module files
[0.760s] Level 1:colcon.colcon_core.environment:checking '/home/ubuntu22/so_arm100_write/ros2_ws/install/arm_description' for CMake config files
[0.760s] Level 1:colcon.colcon_core.shell:create_environment_hook('arm_description', 'cmake_prefix_path')
[0.760s] INFO:colcon.colcon_core.shell:Creating environment hook '/home/ubuntu22/so_arm100_write/ros2_ws/install/arm_description/share/arm_description/hook/cmake_prefix_path.ps1'
[0.761s] INFO:colcon.colcon_core.shell:Creating environment descriptor '/home/ubuntu22/so_arm100_write/ros2_ws/install/arm_description/share/arm_description/hook/cmake_prefix_path.dsv'
[0.761s] INFO:colcon.colcon_core.shell:Creating environment hook '/home/ubuntu22/so_arm100_write/ros2_ws/install/arm_description/share/arm_description/hook/cmake_prefix_path.sh'
[0.762s] Level 1:colcon.colcon_core.environment:checking '/home/ubuntu22/so_arm100_write/ros2_ws/install/arm_description/bin'
[0.762s] Level 1:colcon.colcon_core.environment:checking '/home/ubuntu22/so_arm100_write/ros2_ws/install/arm_description/lib/pkgconfig/arm_description.pc'
[0.762s] Level 1:colcon.colcon_core.environment:checking '/home/ubuntu22/so_arm100_write/ros2_ws/install/arm_description/lib/python3.10/site-packages'
[0.763s] Level 1:colcon.colcon_core.environment:checking '/home/ubuntu22/so_arm100_write/ros2_ws/install/arm_description/bin'
[0.763s] INFO:colcon.colcon_core.shell:Creating package script '/home/ubuntu22/so_arm100_write/ros2_ws/install/arm_description/share/arm_description/package.ps1'
[0.764s] INFO:colcon.colcon_core.shell:Creating package descriptor '/home/ubuntu22/so_arm100_write/ros2_ws/install/arm_description/share/arm_description/package.dsv'
[0.764s] INFO:colcon.colcon_core.shell:Creating package script '/home/ubuntu22/so_arm100_write/ros2_ws/install/arm_description/share/arm_description/package.sh'
[0.765s] INFO:colcon.colcon_core.shell:Creating package script '/home/ubuntu22/so_arm100_write/ros2_ws/install/arm_description/share/arm_description/package.bash'
[0.766s] INFO:colcon.colcon_core.shell:Creating package script '/home/ubuntu22/so_arm100_write/ros2_ws/install/arm_description/share/arm_description/package.zsh'
[0.766s] Level 1:colcon.colcon_core.environment:create_file_with_runtime_dependencies(/home/ubuntu22/so_arm100_write/ros2_ws/install/arm_description/share/colcon-core/packages/arm_description)
[0.767s] Level 1:colcon.colcon_core.environment:create_environment_scripts_only(arm_description)
[0.767s] Level 1:colcon.colcon_core.environment:checking '/home/ubuntu22/so_arm100_write/ros2_ws/install/arm_description' for CMake module files
[0.768s] Level 1:colcon.colcon_core.environment:checking '/home/ubuntu22/so_arm100_write/ros2_ws/install/arm_description' for CMake config files
[0.768s] Level 1:colcon.colcon_core.shell:create_environment_hook('arm_description', 'cmake_prefix_path')
[0.768s] INFO:colcon.colcon_core.shell:Creating environment hook '/home/ubuntu22/so_arm100_write/ros2_ws/install/arm_description/share/arm_description/hook/cmake_prefix_path.ps1'
[0.769s] INFO:colcon.colcon_core.shell:Creating environment descriptor '/home/ubuntu22/so_arm100_write/ros2_ws/install/arm_description/share/arm_description/hook/cmake_prefix_path.dsv'
[0.769s] INFO:colcon.colcon_core.shell:Creating environment hook '/home/ubuntu22/so_arm100_write/ros2_ws/install/arm_description/share/arm_description/hook/cmake_prefix_path.sh'
[0.770s] Level 1:colcon.colcon_core.environment:checking '/home/ubuntu22/so_arm100_write/ros2_ws/install/arm_description/bin'
[0.770s] Level 1:colcon.colcon_core.environment:checking '/home/ubuntu22/so_arm100_write/ros2_ws/install/arm_description/lib/pkgconfig/arm_description.pc'
[0.770s] Level 1:colcon.colcon_core.environment:checking '/home/ubuntu22/so_arm100_write/ros2_ws/install/arm_description/lib/python3.10/site-packages'
[0.770s] Level 1:colcon.colcon_core.environment:checking '/home/ubuntu22/so_arm100_write/ros2_ws/install/arm_description/bin'
[0.770s] INFO:colcon.colcon_core.shell:Creating package script '/home/ubuntu22/so_arm100_write/ros2_ws/install/arm_description/share/arm_description/package.ps1'
[0.771s] INFO:colcon.colcon_core.shell:Creating package descriptor '/home/ubuntu22/so_arm100_write/ros2_ws/install/arm_description/share/arm_description/package.dsv'
[0.771s] INFO:colcon.colcon_core.shell:Creating package script '/home/ubuntu22/so_arm100_write/ros2_ws/install/arm_description/share/arm_description/package.sh'
[0.772s] INFO:colcon.colcon_core.shell:Creating package script '/home/ubuntu22/so_arm100_write/ros2_ws/install/arm_description/share/arm_description/package.bash'
[0.772s] INFO:colcon.colcon_core.shell:Creating package script '/home/ubuntu22/so_arm100_write/ros2_ws/install/arm_description/share/arm_description/package.zsh'
[0.773s] Level 1:colcon.colcon_core.environment:create_file_with_runtime_dependencies(/home/ubuntu22/so_arm100_write/ros2_ws/install/arm_description/share/colcon-core/packages/arm_description)
[0.966s] DEBUG:colcon.colcon_core.event_handler.log_command:Invoking command in '/home/ubuntu22/so_arm100_write/ros2_ws/build/arm_planning': CONDA_PROMPT_MODIFIER=(base) PYTHONPATH=/home/ubuntu22/so_arm100_write/ros2_ws/build/arm_planning/prefix_override:/usr/lib/python3/dist-packages/colcon_core/task/python/colcon_distutils_commands:/home/ubuntu22/so_arm100_write/ros2_ws/install/arm_planning/lib/python3.10/site-packages:${PYTHONPATH} /usr/bin/python3 -W ignore:setup.py install is deprecated -W ignore:easy_install command is deprecated setup.py develop --editable --build-directory /home/ubuntu22/so_arm100_write/ros2_ws/build/arm_planning/build --no-deps symlink_data
[0.983s] DEBUG:colcon.colcon_core.event_handler.log_command:Invoking command in '/home/ubuntu22/so_arm100_write/ros2_ws/build/arm_visualization': CONDA_PROMPT_MODIFIER=(base) PYTHONPATH=/home/ubuntu22/so_arm100_write/ros2_ws/build/arm_visualization/prefix_override:/usr/lib/python3/dist-packages/colcon_core/task/python/colcon_distutils_commands:/home/ubuntu22/so_arm100_write/ros2_ws/install/arm_visualization/lib/python3.10/site-packages:${PYTHONPATH} /usr/bin/python3 -W ignore:setup.py install is deprecated -W ignore:easy_install command is deprecated setup.py develop --editable --build-directory /home/ubuntu22/so_arm100_write/ros2_ws/build/arm_visualization/build --no-deps symlink_data
[1.331s] Level 1:colcon.colcon_core.shell:create_environment_hook('arm_planning', 'pythonpath_develop')
[1.331s] DEBUG:colcon.colcon_core.event_handler.log_command:Invoked command in '/home/ubuntu22/so_arm100_write/ros2_ws/build/arm_planning' returned '0': CONDA_PROMPT_MODIFIER=(base) PYTHONPATH=/home/ubuntu22/so_arm100_write/ros2_ws/build/arm_planning/prefix_override:/usr/lib/python3/dist-packages/colcon_core/task/python/colcon_distutils_commands:/home/ubuntu22/so_arm100_write/ros2_ws/install/arm_planning/lib/python3.10/site-packages:${PYTHONPATH} /usr/bin/python3 -W ignore:setup.py install is deprecated -W ignore:easy_install command is deprecated setup.py develop --editable --build-directory /home/ubuntu22/so_arm100_write/ros2_ws/build/arm_planning/build --no-deps symlink_data
[1.331s] INFO:colcon.colcon_core.shell:Creating environment hook '/home/ubuntu22/so_arm100_write/ros2_ws/build/arm_planning/share/arm_planning/hook/pythonpath_develop.ps1'
[1.332s] INFO:colcon.colcon_core.shell:Creating environment descriptor '/home/ubuntu22/so_arm100_write/ros2_ws/build/arm_planning/share/arm_planning/hook/pythonpath_develop.dsv'
[1.332s] INFO:colcon.colcon_core.shell:Creating environment hook '/home/ubuntu22/so_arm100_write/ros2_ws/build/arm_planning/share/arm_planning/hook/pythonpath_develop.sh'
[1.333s] Level 1:colcon.colcon_core.environment:checking '/home/ubuntu22/so_arm100_write/ros2_ws/install/arm_planning' for CMake module files
[1.333s] Level 1:colcon.colcon_core.environment:checking '/home/ubuntu22/so_arm100_write/ros2_ws/install/arm_planning' for CMake config files
[1.334s] Level 1:colcon.colcon_core.environment:checking '/home/ubuntu22/so_arm100_write/ros2_ws/install/arm_planning/lib'
[1.334s] Level 1:colcon.colcon_core.environment:checking '/home/ubuntu22/so_arm100_write/ros2_ws/install/arm_planning/bin'
[1.334s] Level 1:colcon.colcon_core.environment:checking '/home/ubuntu22/so_arm100_write/ros2_ws/install/arm_planning/lib/pkgconfig/arm_planning.pc'
[1.334s] Level 1:colcon.colcon_core.environment:checking '/home/ubuntu22/so_arm100_write/ros2_ws/install/arm_planning/lib/python3.10/site-packages'
[1.334s] Level 1:colcon.colcon_core.shell:create_environment_hook('arm_planning', 'pythonpath')
[1.334s] INFO:colcon.colcon_core.shell:Creating environment hook '/home/ubuntu22/so_arm100_write/ros2_ws/install/arm_planning/share/arm_planning/hook/pythonpath.ps1'
[1.335s] INFO:colcon.colcon_core.shell:Creating environment descriptor '/home/ubuntu22/so_arm100_write/ros2_ws/install/arm_planning/share/arm_planning/hook/pythonpath.dsv'
[1.335s] INFO:colcon.colcon_core.shell:Creating environment hook '/home/ubuntu22/so_arm100_write/ros2_ws/install/arm_planning/share/arm_planning/hook/pythonpath.sh'
[1.335s] Level 1:colcon.colcon_core.environment:checking '/home/ubuntu22/so_arm100_write/ros2_ws/install/arm_planning/bin'
[1.335s] Level 1:colcon.colcon_core.environment:create_environment_scripts_only(arm_planning)
[1.336s] INFO:colcon.colcon_core.shell:Creating package script '/home/ubuntu22/so_arm100_write/ros2_ws/install/arm_planning/share/arm_planning/package.ps1'
[1.336s] INFO:colcon.colcon_core.shell:Creating package descriptor '/home/ubuntu22/so_arm100_write/ros2_ws/install/arm_planning/share/arm_planning/package.dsv'
[1.336s] INFO:colcon.colcon_core.shell:Creating package script '/home/ubuntu22/so_arm100_write/ros2_ws/install/arm_planning/share/arm_planning/package.sh'
[1.336s] INFO:colcon.colcon_core.shell:Creating package script '/home/ubuntu22/so_arm100_write/ros2_ws/install/arm_planning/share/arm_planning/package.bash'
[1.337s] INFO:colcon.colcon_core.shell:Creating package script '/home/ubuntu22/so_arm100_write/ros2_ws/install/arm_planning/share/arm_planning/package.zsh'
[1.337s] Level 1:colcon.colcon_core.environment:create_file_with_runtime_dependencies(/home/ubuntu22/so_arm100_write/ros2_ws/install/arm_planning/share/colcon-core/packages/arm_planning)
[1.367s] Level 1:colcon.colcon_core.shell:create_environment_hook('arm_visualization', 'pythonpath_develop')
[1.367s] INFO:colcon.colcon_core.shell:Creating environment hook '/home/ubuntu22/so_arm100_write/ros2_ws/build/arm_visualization/share/arm_visualization/hook/pythonpath_develop.ps1'
[1.368s] DEBUG:colcon.colcon_core.event_handler.log_command:Invoked command in '/home/ubuntu22/so_arm100_write/ros2_ws/build/arm_visualization' returned '0': CONDA_PROMPT_MODIFIER=(base) PYTHONPATH=/home/ubuntu22/so_arm100_write/ros2_ws/build/arm_visualization/prefix_override:/usr/lib/python3/dist-packages/colcon_core/task/python/colcon_distutils_commands:/home/ubuntu22/so_arm100_write/ros2_ws/install/arm_visualization/lib/python3.10/site-packages:${PYTHONPATH} /usr/bin/python3 -W ignore:setup.py install is deprecated -W ignore:easy_install command is deprecated setup.py develop --editable --build-directory /home/ubuntu22/so_arm100_write/ros2_ws/build/arm_visualization/build --no-deps symlink_data
[1.368s] INFO:colcon.colcon_core.shell:Creating environment descriptor '/home/ubuntu22/so_arm100_write/ros2_ws/build/arm_visualization/share/arm_visualization/hook/pythonpath_develop.dsv'
[1.368s] INFO:colcon.colcon_core.shell:Creating environment hook '/home/ubuntu22/so_arm100_write/ros2_ws/build/arm_visualization/share/arm_visualization/hook/pythonpath_develop.sh'
[1.369s] Level 1:colcon.colcon_core.environment:checking '/home/ubuntu22/so_arm100_write/ros2_ws/install/arm_visualization' for CMake module files
[1.369s] Level 1:colcon.colcon_core.environment:checking '/home/ubuntu22/so_arm100_write/ros2_ws/install/arm_visualization' for CMake config files
[1.369s] Level 1:colcon.colcon_core.environment:checking '/home/ubuntu22/so_arm100_write/ros2_ws/install/arm_visualization/lib'
[1.369s] Level 1:colcon.colcon_core.environment:checking '/home/ubuntu22/so_arm100_write/ros2_ws/install/arm_visualization/bin'
[1.369s] Level 1:colcon.colcon_core.environment:checking '/home/ubuntu22/so_arm100_write/ros2_ws/install/arm_visualization/lib/pkgconfig/arm_visualization.pc'
[1.369s] Level 1:colcon.colcon_core.environment:checking '/home/ubuntu22/so_arm100_write/ros2_ws/install/arm_visualization/lib/python3.10/site-packages'
[1.369s] Level 1:colcon.colcon_core.shell:create_environment_hook('arm_visualization', 'pythonpath')
[1.370s] INFO:colcon.colcon_core.shell:Creating environment hook '/home/ubuntu22/so_arm100_write/ros2_ws/install/arm_visualization/share/arm_visualization/hook/pythonpath.ps1'
[1.370s] INFO:colcon.colcon_core.shell:Creating environment descriptor '/home/ubuntu22/so_arm100_write/ros2_ws/install/arm_visualization/share/arm_visualization/hook/pythonpath.dsv'
[1.370s] INFO:colcon.colcon_core.shell:Creating environment hook '/home/ubuntu22/so_arm100_write/ros2_ws/install/arm_visualization/share/arm_visualization/hook/pythonpath.sh'
[1.370s] Level 1:colcon.colcon_core.environment:checking '/home/ubuntu22/so_arm100_write/ros2_ws/install/arm_visualization/bin'
[1.370s] Level 1:colcon.colcon_core.environment:create_environment_scripts_only(arm_visualization)
[1.370s] INFO:colcon.colcon_core.shell:Creating package script '/home/ubuntu22/so_arm100_write/ros2_ws/install/arm_visualization/share/arm_visualization/package.ps1'
[1.371s] INFO:colcon.colcon_core.shell:Creating package descriptor '/home/ubuntu22/so_arm100_write/ros2_ws/install/arm_visualization/share/arm_visualization/package.dsv'
[1.371s] INFO:colcon.colcon_core.shell:Creating package script '/home/ubuntu22/so_arm100_write/ros2_ws/install/arm_visualization/share/arm_visualization/package.sh'
[1.371s] INFO:colcon.colcon_core.shell:Creating package script '/home/ubuntu22/so_arm100_write/ros2_ws/install/arm_visualization/share/arm_visualization/package.bash'
[1.371s] INFO:colcon.colcon_core.shell:Creating package script '/home/ubuntu22/so_arm100_write/ros2_ws/install/arm_visualization/share/arm_visualization/package.zsh'
[1.372s] Level 1:colcon.colcon_core.environment:create_file_with_runtime_dependencies(/home/ubuntu22/so_arm100_write/ros2_ws/install/arm_visualization/share/colcon-core/packages/arm_visualization)
[1.372s] DEBUG:colcon.colcon_parallel_executor.executor.parallel:closing loop
[1.372s] DEBUG:colcon.colcon_parallel_executor.executor.parallel:loop closed
[1.372s] DEBUG:colcon.colcon_parallel_executor.executor.parallel:run_until_complete finished with '0'
[1.372s] DEBUG:colcon.colcon_core.event_reactor:joining thread
[1.377s] INFO:colcon.colcon_core.plugin_system:Skipping extension 'colcon_notification.desktop_notification.terminal_notifier': Not used on non-Darwin systems
[1.377s] INFO:colcon.colcon_core.plugin_system:Skipping extension 'colcon_notification.desktop_notification.win32': Not used on non-Windows systems
[1.377s] INFO:colcon.colcon_notification.desktop_notification:Sending desktop notification using 'notify2'
[1.386s] DEBUG:colcon.colcon_core.event_reactor:joined thread
[1.387s] INFO:colcon.colcon_core.shell:Creating prefix script '/home/ubuntu22/so_arm100_write/ros2_ws/install/local_setup.ps1'
[1.387s] INFO:colcon.colcon_core.shell:Creating prefix util module '/home/ubuntu22/so_arm100_write/ros2_ws/install/_local_setup_util_ps1.py'
[1.388s] INFO:colcon.colcon_core.shell:Creating prefix chain script '/home/ubuntu22/so_arm100_write/ros2_ws/install/setup.ps1'
[1.388s] INFO:colcon.colcon_core.shell:Creating prefix script '/home/ubuntu22/so_arm100_write/ros2_ws/install/local_setup.sh'
[1.389s] INFO:colcon.colcon_core.shell:Creating prefix util module '/home/ubuntu22/so_arm100_write/ros2_ws/install/_local_setup_util_sh.py'
[1.389s] INFO:colcon.colcon_core.shell:Creating prefix chain script '/home/ubuntu22/so_arm100_write/ros2_ws/install/setup.sh'
[1.390s] INFO:colcon.colcon_core.shell:Creating prefix script '/home/ubuntu22/so_arm100_write/ros2_ws/install/local_setup.bash'
[1.390s] INFO:colcon.colcon_core.shell:Creating prefix chain script '/home/ubuntu22/so_arm100_write/ros2_ws/install/setup.bash'
[1.390s] INFO:colcon.colcon_core.shell:Creating prefix script '/home/ubuntu22/so_arm100_write/ros2_ws/install/local_setup.zsh'
[1.391s] INFO:colcon.colcon_core.shell:Creating prefix chain script '/home/ubuntu22/so_arm100_write/ros2_ws/install/setup.zsh'
