[0.000000] (-) TimerEvent: {}
[0.000065] (arm_planning) JobQueued: {'identifier': 'arm_planning', 'dependencies': OrderedDict()}
[0.000331] (so_arm100_write) JobQueued: {'identifier': 'so_arm100_write', 'dependencies': OrderedDict()}
[0.000486] (arm_planning) JobStarted: {'identifier': 'arm_planning'}
[0.004436] (so_arm100_write) JobStarted: {'identifier': 'so_arm100_write'}
[0.099882] (-) TimerEvent: {}
[0.192944] (so_arm100_write) JobProgress: {'identifier': 'so_arm100_write', 'progress': 'cmake'}
[0.193211] (so_arm100_write) Command: {'cmd': ['/home/ubuntu22/.local/bin/cmake', '/home/ubuntu22/so_arm100_write/ros2_ws/src/arm_description', '-DCATKIN_INSTALL_INTO_PREFIX_ROOT=0', '-DCATKIN_SYMLINK_INSTALL=ON', '-DCMAKE_INSTALL_PREFIX=/home/ubuntu22/so_arm100_write/ros2_ws/install/so_arm100_write'], 'cwd': '/home/ubuntu22/so_arm100_write/ros2_ws/build/so_arm100_write', 'env': OrderedDict([('GJS_DEBUG_TOPICS', 'JS ERROR;JS LOG'), ('LESSOPEN', '| /usr/bin/lesspipe %s'), ('VSCODE_CWD', '/home/ubuntu22'), ('CONDA_PROMPT_MODIFIER', '(base)'), ('LANGUAGE', 'zh_CN:zh'), ('USER', 'ubuntu22'), ('VSCODE_NLS_CONFIG', '{"userLocale":"zh-cn","osLocale":"zh-cn","resolvedLanguage":"zh-cn","defaultMessagesFile":"/usr/share/windsurf/resources/app/out/nls.messages.json","languagePack":{"translationsConfigFile":"/home/ubuntu22/.config/Windsurf/clp/83447c9e569f9056950c8dcd32d44ec9.zh-cn/tcf.json","messagesFile":"/home/ubuntu22/.config/Windsurf/clp/83447c9e569f9056950c8dcd32d44ec9.zh-cn/95dd76c0ef76eb2fef8d62b268ec0926f86b5eb3/nls.messages.json","corruptMarkerFile":"/home/ubuntu22/.config/Windsurf/clp/83447c9e569f9056950c8dcd32d44ec9.zh-cn/corrupted.info"},"locale":"zh-cn","availableLanguages":{"*":"zh-cn"},"_languagePackId":"83447c9e569f9056950c8dcd32d44ec9.zh-cn","_languagePackSupport":true,"_translationsConfigFile":"/home/ubuntu22/.config/Windsurf/clp/83447c9e569f9056950c8dcd32d44ec9.zh-cn/tcf.json","_cacheRoot":"/home/ubuntu22/.config/Windsurf/clp/83447c9e569f9056950c8dcd32d44ec9.zh-cn","_resolvedLanguagePackCoreLocation":"/home/ubuntu22/.config/Windsurf/clp/83447c9e569f9056950c8dcd32d44ec9.zh-cn/95dd76c0ef76eb2fef8d62b268ec0926f86b5eb3","_corruptedFile":"/home/ubuntu22/.config/Windsurf/clp/83447c9e569f9056950c8dcd32d44ec9.zh-cn/corrupted.info"}'), ('VSCODE_HANDLES_UNCAUGHT_ERRORS', 'true'), ('XDG_SESSION_TYPE', 'x11'), ('SHLVL', '1'), ('LD_LIBRARY_PATH', '/opt/ros/humble/lib:/opt/ros/humble/opt/rviz_ogre_vendor/lib:/opt/ros/humble/lib/x86_64-linux-gnu:/opt/ros/humble/lib'), ('HOME', '/home/ubuntu22'), ('CHROME_DESKTOP', 'windsurf-url-handler.desktop'), ('CONDA_SHLVL', '1'), ('DESKTOP_SESSION', 'ubuntu'), ('VSCODE_IPC_HOOK', '/run/user/1000/vscode-b1babb8d-1.94-main.sock'), ('GIO_LAUNCHED_DESKTOP_FILE', '/usr/share/applications/windsurf.desktop'), ('ROS_PYTHON_VERSION', '3'), ('GNOME_SHELL_SESSION_MODE', 'ubuntu'), ('GTK_MODULES', 'gail:atk-bridge'), ('MANAGERPID', '1216'), ('SYSTEMD_EXEC_PID', '1793'), ('DBUS_SESSION_BUS_ADDRESS', 'unix:path=/run/user/1000/bus'), ('GIO_LAUNCHED_DESKTOP_FILE_PID', '7647'), ('VSCODE_CRASH_REPORTER_PROCESS_TYPE', 'extensionHost'), ('IM_CONFIG_PHASE', '1'), ('VSCODE_L10N_BUNDLE_LOCATION', 'file:///home/ubuntu22/.windsurf/extensions/ms-ceintl.vscode-language-pack-zh-hans-1.94.0-universal/translations/extensions/vscode.markdown-language-features.i18n.json'), ('ROS_DISTRO', 'humble'), ('GTK_IM_MODULE', 'ibus'), ('LOGNAME', 'ubuntu22'), ('JOURNAL_STREAM', '8:1693'), ('_', '/usr/bin/colcon'), ('ROS_VERSION', '2'), ('XDG_SESSION_CLASS', 'user'), ('USERNAME', 'ubuntu22'), ('GNOME_DESKTOP_SESSION_ID', 'this-is-deprecated'), ('ROS_LOCALHOST_ONLY', '0'), ('WINDOWPATH', '2'), ('PATH', '/home/ubuntu22/.local/bin:/opt/ros/humble/bin:/home/ubuntu22/anaconda3/bin:/home/ubuntu22/anaconda3/condabin:/home/ubuntu22/.local/bin:/usr/local/sbin:/usr/local/bin:/usr/sbin:/usr/bin:/sbin:/bin:/usr/games:/usr/local/games:/snap/bin:/snap/bin:/home/ubuntu22/.local/bin'), ('SESSION_MANAGER', 'local/ubuntu22-MS-Challenger-B760M-N-D5:@/tmp/.ICE-unix/1766,unix/ubuntu22-MS-Challenger-B760M-N-D5:/tmp/.ICE-unix/1766'), ('VSCODE_AMD_ENTRYPOINT', 'vs/workbench/api/node/extensionHostProcess'), ('INVOCATION_ID', '0274752edaba4eb5ab7bed77ed0897c5'), ('XDG_MENU_PREFIX', 'gnome-'), ('XDG_RUNTIME_DIR', '/run/user/1000'), ('GDK_BACKEND', 'x11'), ('DISPLAY', ':0'), ('LANG', 'zh_CN.UTF-8'), ('XDG_CURRENT_DESKTOP', 'Unity'), ('XMODIFIERS', '@im=ibus'), ('XDG_SESSION_DESKTOP', 'ubuntu'), ('XAUTHORITY', '/run/user/1000/gdm/Xauthority'), ('SSH_AGENT_LAUNCHER', 'gnome-keyring'), ('SSH_AUTH_SOCK', '/run/user/1000/keyring/ssh'), ('AMENT_PREFIX_PATH', '/opt/ros/humble'), ('CONDA_PYTHON_EXE', '/home/ubuntu22/anaconda3/bin/python'), ('ORIGINAL_XDG_CURRENT_DESKTOP', 'ubuntu:GNOME'), ('SHELL', '/bin/bash'), ('QT_ACCESSIBILITY', '1'), ('ELECTRON_RUN_AS_NODE', '1'), ('GDMSESSION', 'ubuntu'), ('LESSCLOSE', '/usr/bin/lesspipe %s %s'), ('CONDA_DEFAULT_ENV', 'base'), ('GPG_AGENT_INFO', '/run/user/1000/gnupg/S.gpg-agent:0:1'), ('GJS_DEBUG_OUTPUT', 'stderr'), ('CODEIUM_EDITOR_APP_ROOT', '/usr/share/windsurf/resources/app'), ('QT_IM_MODULE', 'ibus'), ('PWD', '/home/ubuntu22/so_arm100_write/ros2_ws/build/so_arm100_write'), ('XDG_CONFIG_DIRS', '/etc/xdg/xdg-ubuntu:/etc/xdg'), ('CONDA_EXE', '/home/ubuntu22/anaconda3/bin/conda'), ('VSCODE_CODE_CACHE_PATH', '/home/ubuntu22/.config/Windsurf/CachedData/95dd76c0ef76eb2fef8d62b268ec0926f86b5eb3'), ('XDG_DATA_DIRS', '/usr/share/ubuntu:/usr/share/gnome:/home/ubuntu22/.local/share/flatpak/exports/share:/var/lib/flatpak/exports/share:/usr/local/share/:/usr/share/:/var/lib/snapd/desktop'), ('PYTHONPATH', '/opt/ros/humble/lib/python3.10/site-packages:/opt/ros/humble/lib/python3.10/site-packages:/opt/ros/humble/local/lib/python3.10/dist-packages'), ('CONDA_PREFIX', '/home/ubuntu22/anaconda3'), ('COLCON', '1'), ('VSCODE_PID', '7647')]), 'shell': False}
[0.199964] (-) TimerEvent: {}
[0.242972] (so_arm100_write) StderrLine: {'line': b'CMake Deprecation Warning at CMakeLists.txt:1 (cmake_minimum_required):\n'}
[0.243093] (so_arm100_write) StderrLine: {'line': b'  Compatibility with CMake < 3.10 will be removed from a future version of\n'}
[0.243129] (so_arm100_write) StderrLine: {'line': b'  CMake.\n'}
[0.243156] (so_arm100_write) StderrLine: {'line': b'\n'}
[0.243180] (so_arm100_write) StderrLine: {'line': b'  Update the VERSION argument <min> value or use a ...<max> suffix to tell\n'}
[0.243204] (so_arm100_write) StderrLine: {'line': b'  CMake that the project does not need compatibility with older versions.\n'}
[0.243236] (so_arm100_write) StderrLine: {'line': b'\n'}
[0.243262] (so_arm100_write) StderrLine: {'line': b'\n'}
[0.279492] (so_arm100_write) StdoutLine: {'line': b'-- The C compiler identification is GNU 11.4.0\n'}
[0.300073] (-) TimerEvent: {}
[0.321917] (so_arm100_write) StdoutLine: {'line': b'-- The CXX compiler identification is GNU 11.4.0\n'}
[0.328286] (so_arm100_write) StdoutLine: {'line': b'-- Detecting C compiler ABI info\n'}
[0.368299] (so_arm100_write) StdoutLine: {'line': b'-- Detecting C compiler ABI info - done\n'}
[0.379346] (so_arm100_write) StdoutLine: {'line': b'-- Check for working C compiler: /usr/bin/cc - skipped\n'}
[0.379536] (so_arm100_write) StdoutLine: {'line': b'-- Detecting C compile features\n'}
[0.379868] (so_arm100_write) StdoutLine: {'line': b'-- Detecting C compile features - done\n'}
[0.388392] (so_arm100_write) StdoutLine: {'line': b'-- Detecting CXX compiler ABI info\n'}
[0.400161] (-) TimerEvent: {}
[0.433911] (so_arm100_write) StdoutLine: {'line': b'-- Detecting CXX compiler ABI info - done\n'}
[0.442079] (arm_planning) Command: {'cmd': ['/usr/bin/python3', '-W', 'ignore:setup.py install is deprecated', '-W', 'ignore:easy_install command is deprecated', 'setup.py', 'develop', '--editable', '--build-directory', '/home/ubuntu22/so_arm100_write/ros2_ws/build/arm_planning/build', '--no-deps', 'symlink_data'], 'cwd': '/home/ubuntu22/so_arm100_write/ros2_ws/build/arm_planning', 'env': {'GJS_DEBUG_TOPICS': 'JS ERROR;JS LOG', 'LESSOPEN': '| /usr/bin/lesspipe %s', 'VSCODE_CWD': '/home/ubuntu22', 'CONDA_PROMPT_MODIFIER': '(base)', 'LANGUAGE': 'zh_CN:zh', 'USER': 'ubuntu22', 'VSCODE_NLS_CONFIG': '{"userLocale":"zh-cn","osLocale":"zh-cn","resolvedLanguage":"zh-cn","defaultMessagesFile":"/usr/share/windsurf/resources/app/out/nls.messages.json","languagePack":{"translationsConfigFile":"/home/ubuntu22/.config/Windsurf/clp/83447c9e569f9056950c8dcd32d44ec9.zh-cn/tcf.json","messagesFile":"/home/ubuntu22/.config/Windsurf/clp/83447c9e569f9056950c8dcd32d44ec9.zh-cn/95dd76c0ef76eb2fef8d62b268ec0926f86b5eb3/nls.messages.json","corruptMarkerFile":"/home/ubuntu22/.config/Windsurf/clp/83447c9e569f9056950c8dcd32d44ec9.zh-cn/corrupted.info"},"locale":"zh-cn","availableLanguages":{"*":"zh-cn"},"_languagePackId":"83447c9e569f9056950c8dcd32d44ec9.zh-cn","_languagePackSupport":true,"_translationsConfigFile":"/home/ubuntu22/.config/Windsurf/clp/83447c9e569f9056950c8dcd32d44ec9.zh-cn/tcf.json","_cacheRoot":"/home/ubuntu22/.config/Windsurf/clp/83447c9e569f9056950c8dcd32d44ec9.zh-cn","_resolvedLanguagePackCoreLocation":"/home/ubuntu22/.config/Windsurf/clp/83447c9e569f9056950c8dcd32d44ec9.zh-cn/95dd76c0ef76eb2fef8d62b268ec0926f86b5eb3","_corruptedFile":"/home/ubuntu22/.config/Windsurf/clp/83447c9e569f9056950c8dcd32d44ec9.zh-cn/corrupted.info"}', 'VSCODE_HANDLES_UNCAUGHT_ERRORS': 'true', 'XDG_SESSION_TYPE': 'x11', 'SHLVL': '1', 'LD_LIBRARY_PATH': '/opt/ros/humble/lib:/opt/ros/humble/opt/rviz_ogre_vendor/lib:/opt/ros/humble/lib/x86_64-linux-gnu:/opt/ros/humble/lib', 'HOME': '/home/ubuntu22', 'CHROME_DESKTOP': 'windsurf-url-handler.desktop', 'CONDA_SHLVL': '1', 'DESKTOP_SESSION': 'ubuntu', 'VSCODE_IPC_HOOK': '/run/user/1000/vscode-b1babb8d-1.94-main.sock', 'GIO_LAUNCHED_DESKTOP_FILE': '/usr/share/applications/windsurf.desktop', 'ROS_PYTHON_VERSION': '3', 'GNOME_SHELL_SESSION_MODE': 'ubuntu', 'GTK_MODULES': 'gail:atk-bridge', 'MANAGERPID': '1216', 'SYSTEMD_EXEC_PID': '1793', 'DBUS_SESSION_BUS_ADDRESS': 'unix:path=/run/user/1000/bus', 'GIO_LAUNCHED_DESKTOP_FILE_PID': '7647', 'VSCODE_CRASH_REPORTER_PROCESS_TYPE': 'extensionHost', 'IM_CONFIG_PHASE': '1', 'VSCODE_L10N_BUNDLE_LOCATION': 'file:///home/ubuntu22/.windsurf/extensions/ms-ceintl.vscode-language-pack-zh-hans-1.94.0-universal/translations/extensions/vscode.markdown-language-features.i18n.json', 'ROS_DISTRO': 'humble', 'GTK_IM_MODULE': 'ibus', 'LOGNAME': 'ubuntu22', 'JOURNAL_STREAM': '8:1693', '_': '/usr/bin/colcon', 'ROS_VERSION': '2', 'XDG_SESSION_CLASS': 'user', 'USERNAME': 'ubuntu22', 'GNOME_DESKTOP_SESSION_ID': 'this-is-deprecated', 'ROS_LOCALHOST_ONLY': '0', 'WINDOWPATH': '2', 'PATH': '/home/ubuntu22/.local/bin:/opt/ros/humble/bin:/home/ubuntu22/anaconda3/bin:/home/ubuntu22/anaconda3/condabin:/home/ubuntu22/.local/bin:/usr/local/sbin:/usr/local/bin:/usr/sbin:/usr/bin:/sbin:/bin:/usr/games:/usr/local/games:/snap/bin:/snap/bin:/home/ubuntu22/.local/bin', 'SESSION_MANAGER': 'local/ubuntu22-MS-Challenger-B760M-N-D5:@/tmp/.ICE-unix/1766,unix/ubuntu22-MS-Challenger-B760M-N-D5:/tmp/.ICE-unix/1766', 'VSCODE_AMD_ENTRYPOINT': 'vs/workbench/api/node/extensionHostProcess', 'INVOCATION_ID': '0274752edaba4eb5ab7bed77ed0897c5', 'XDG_MENU_PREFIX': 'gnome-', 'XDG_RUNTIME_DIR': '/run/user/1000', 'GDK_BACKEND': 'x11', 'DISPLAY': ':0', 'LANG': 'zh_CN.UTF-8', 'XDG_CURRENT_DESKTOP': 'Unity', 'XMODIFIERS': '@im=ibus', 'XDG_SESSION_DESKTOP': 'ubuntu', 'XAUTHORITY': '/run/user/1000/gdm/Xauthority', 'SSH_AGENT_LAUNCHER': 'gnome-keyring', 'SSH_AUTH_SOCK': '/run/user/1000/keyring/ssh', 'AMENT_PREFIX_PATH': '/opt/ros/humble', 'CONDA_PYTHON_EXE': '/home/ubuntu22/anaconda3/bin/python', 'ORIGINAL_XDG_CURRENT_DESKTOP': 'ubuntu:GNOME', 'SHELL': '/bin/bash', 'QT_ACCESSIBILITY': '1', 'ELECTRON_RUN_AS_NODE': '1', 'GDMSESSION': 'ubuntu', 'LESSCLOSE': '/usr/bin/lesspipe %s %s', 'CONDA_DEFAULT_ENV': 'base', 'GPG_AGENT_INFO': '/run/user/1000/gnupg/S.gpg-agent:0:1', 'GJS_DEBUG_OUTPUT': 'stderr', 'CODEIUM_EDITOR_APP_ROOT': '/usr/share/windsurf/resources/app', 'QT_IM_MODULE': 'ibus', 'PWD': '/home/ubuntu22/so_arm100_write/ros2_ws/build/arm_planning', 'XDG_CONFIG_DIRS': '/etc/xdg/xdg-ubuntu:/etc/xdg', 'CONDA_EXE': '/home/ubuntu22/anaconda3/bin/conda', 'VSCODE_CODE_CACHE_PATH': '/home/ubuntu22/.config/Windsurf/CachedData/95dd76c0ef76eb2fef8d62b268ec0926f86b5eb3', 'XDG_DATA_DIRS': '/usr/share/ubuntu:/usr/share/gnome:/home/ubuntu22/.local/share/flatpak/exports/share:/var/lib/flatpak/exports/share:/usr/local/share/:/usr/share/:/var/lib/snapd/desktop', 'PYTHONPATH': '/home/ubuntu22/so_arm100_write/ros2_ws/build/arm_planning/prefix_override:/usr/lib/python3/dist-packages/colcon_core/task/python/colcon_distutils_commands:/home/ubuntu22/so_arm100_write/ros2_ws/install/arm_planning/lib/python3.10/site-packages:/opt/ros/humble/lib/python3.10/site-packages:/opt/ros/humble/lib/python3.10/site-packages:/opt/ros/humble/local/lib/python3.10/dist-packages', 'CONDA_PREFIX': '/home/ubuntu22/anaconda3', 'COLCON': '1', 'VSCODE_PID': '7647'}, 'shell': False}
[0.445282] (so_arm100_write) StdoutLine: {'line': b'-- Check for working CXX compiler: /usr/bin/c++ - skipped\n'}
[0.445514] (so_arm100_write) StdoutLine: {'line': b'-- Detecting CXX compile features\n'}
[0.446007] (so_arm100_write) StdoutLine: {'line': b'-- Detecting CXX compile features - done\n'}
[0.458695] (so_arm100_write) StderrLine: {'line': b'CMake Error at CMakeLists.txt:5 (find_package):\n'}
[0.458742] (so_arm100_write) StderrLine: {'line': b'  By not providing "Findcatkin.cmake" in CMAKE_MODULE_PATH this project has\n'}
[0.458774] (so_arm100_write) StderrLine: {'line': b'  asked CMake to find a package configuration file provided by "catkin", but\n'}
[0.458801] (so_arm100_write) StderrLine: {'line': b'  CMake did not find one.\n'}
[0.458828] (so_arm100_write) StderrLine: {'line': b'\n'}
[0.458855] (so_arm100_write) StderrLine: {'line': b'  Could not find a package configuration file provided by "catkin" with any\n'}
[0.458882] (so_arm100_write) StderrLine: {'line': b'  of the following names:\n'}
[0.458907] (so_arm100_write) StderrLine: {'line': b'\n'}
[0.458933] (so_arm100_write) StderrLine: {'line': b'    catkinConfig.cmake\n'}
[0.458959] (so_arm100_write) StderrLine: {'line': b'    catkin-config.cmake\n'}
[0.458984] (so_arm100_write) StderrLine: {'line': b'\n'}
[0.459010] (so_arm100_write) StderrLine: {'line': b'  Add the installation prefix of "catkin" to CMAKE_PREFIX_PATH or set\n'}
[0.459037] (so_arm100_write) StderrLine: {'line': b'  "catkin_DIR" to a directory containing one of the above files.  If "catkin"\n'}
[0.459062] (so_arm100_write) StderrLine: {'line': b'  provides a separate development package or SDK, be sure it has been\n'}
[0.459086] (so_arm100_write) StderrLine: {'line': b'  installed.\n'}
[0.459110] (so_arm100_write) StderrLine: {'line': b'\n'}
[0.459135] (so_arm100_write) StderrLine: {'line': b'\n'}
[0.459214] (so_arm100_write) StdoutLine: {'line': b'-- Configuring incomplete, errors occurred!\n'}
[0.460970] (so_arm100_write) CommandEnded: {'returncode': 1}
[0.500251] (-) TimerEvent: {}
[0.513902] (so_arm100_write) JobEnded: {'identifier': 'so_arm100_write', 'rc': 1}
[0.600332] (-) TimerEvent: {}
[0.620887] (arm_planning) StdoutLine: {'line': b'running develop\n'}
[0.700416] (-) TimerEvent: {}
[0.748950] (arm_planning) StdoutLine: {'line': b'running egg_info\n'}
[0.749055] (arm_planning) StdoutLine: {'line': b'creating arm_planning.egg-info\n'}
[0.749168] (arm_planning) StdoutLine: {'line': b'writing arm_planning.egg-info/PKG-INFO\n'}
[0.749201] (arm_planning) StdoutLine: {'line': b'writing dependency_links to arm_planning.egg-info/dependency_links.txt\n'}
[0.749237] (arm_planning) StdoutLine: {'line': b'writing entry points to arm_planning.egg-info/entry_points.txt\n'}
[0.749303] (arm_planning) StdoutLine: {'line': b'writing requirements to arm_planning.egg-info/requires.txt\n'}
[0.749328] (arm_planning) StdoutLine: {'line': b'writing top-level names to arm_planning.egg-info/top_level.txt\n'}
[0.749382] (arm_planning) StdoutLine: {'line': b"writing manifest file 'arm_planning.egg-info/SOURCES.txt'\n"}
[0.750404] (arm_planning) StdoutLine: {'line': b"reading manifest file 'arm_planning.egg-info/SOURCES.txt'\n"}
[0.750739] (arm_planning) StdoutLine: {'line': b"writing manifest file 'arm_planning.egg-info/SOURCES.txt'\n"}
[0.751569] (arm_planning) StdoutLine: {'line': b'running build_ext\n'}
[0.751661] (arm_planning) StdoutLine: {'line': b'Creating /home/ubuntu22/so_arm100_write/ros2_ws/install/arm_planning/lib/python3.10/site-packages/arm-planning.egg-link (link to .)\n'}
[0.752079] (arm_planning) StdoutLine: {'line': b'\n'}
[0.752109] (arm_planning) StdoutLine: {'line': b'Installed /home/ubuntu22/so_arm100_write/ros2_ws/build/arm_planning\n'}
[0.752135] (arm_planning) StdoutLine: {'line': b'running symlink_data\n'}
[0.752202] (arm_planning) StdoutLine: {'line': b'creating /home/ubuntu22/so_arm100_write/ros2_ws/install/arm_planning/share/ament_index\n'}
[0.752255] (arm_planning) StdoutLine: {'line': b'creating /home/ubuntu22/so_arm100_write/ros2_ws/install/arm_planning/share/ament_index/resource_index\n'}
[0.752282] (arm_planning) StdoutLine: {'line': b'creating /home/ubuntu22/so_arm100_write/ros2_ws/install/arm_planning/share/ament_index/resource_index/packages\n'}
[0.752307] (arm_planning) StdoutLine: {'line': b'symbolically linking /home/ubuntu22/so_arm100_write/ros2_ws/build/arm_planning/resource/arm_planning -> /home/ubuntu22/so_arm100_write/ros2_ws/install/arm_planning/share/ament_index/resource_index/packages\n'}
[0.752358] (arm_planning) StdoutLine: {'line': b'symbolically linking /home/ubuntu22/so_arm100_write/ros2_ws/build/arm_planning/package.xml -> /home/ubuntu22/so_arm100_write/ros2_ws/install/arm_planning/share/arm_planning\n'}
[0.771021] (arm_planning) JobEnded: {'identifier': 'arm_planning', 'rc': 'SIGINT'}
[0.781322] (-) EventReactorShutdown: {}
