[0.443s] Invoking command in '/home/ubuntu22/so_arm100_write/ros2_ws/build/arm_planning': CONDA_PROMPT_MODIFIER=(base) PYTHONPATH=/home/ubuntu22/so_arm100_write/ros2_ws/build/arm_planning/prefix_override:/usr/lib/python3/dist-packages/colcon_core/task/python/colcon_distutils_commands:/home/ubuntu22/so_arm100_write/ros2_ws/install/arm_planning/lib/python3.10/site-packages:${PYTHONPATH} /usr/bin/python3 -W ignore:setup.py install is deprecated -W ignore:easy_install command is deprecated setup.py develop --editable --build-directory /home/ubuntu22/so_arm100_write/ros2_ws/build/arm_planning/build --no-deps symlink_data
[0.620s] running develop
[0.749s] running egg_info
[0.749s] creating arm_planning.egg-info
[0.749s] writing arm_planning.egg-info/PKG-INFO
[0.749s] writing dependency_links to arm_planning.egg-info/dependency_links.txt
[0.749s] writing entry points to arm_planning.egg-info/entry_points.txt
[0.749s] writing requirements to arm_planning.egg-info/requires.txt
[0.749s] writing top-level names to arm_planning.egg-info/top_level.txt
[0.749s] writing manifest file 'arm_planning.egg-info/SOURCES.txt'
[0.750s] reading manifest file 'arm_planning.egg-info/SOURCES.txt'
[0.750s] writing manifest file 'arm_planning.egg-info/SOURCES.txt'
[0.751s] running build_ext
[0.751s] Creating /home/ubuntu22/so_arm100_write/ros2_ws/install/arm_planning/lib/python3.10/site-packages/arm-planning.egg-link (link to .)
[0.752s] 
[0.752s] Installed /home/ubuntu22/so_arm100_write/ros2_ws/build/arm_planning
[0.752s] running symlink_data
[0.752s] creating /home/ubuntu22/so_arm100_write/ros2_ws/install/arm_planning/share/ament_index
[0.752s] creating /home/ubuntu22/so_arm100_write/ros2_ws/install/arm_planning/share/ament_index/resource_index
[0.752s] creating /home/ubuntu22/so_arm100_write/ros2_ws/install/arm_planning/share/ament_index/resource_index/packages
[0.752s] symbolically linking /home/ubuntu22/so_arm100_write/ros2_ws/build/arm_planning/resource/arm_planning -> /home/ubuntu22/so_arm100_write/ros2_ws/install/arm_planning/share/ament_index/resource_index/packages
[0.752s] symbolically linking /home/ubuntu22/so_arm100_write/ros2_ws/build/arm_planning/package.xml -> /home/ubuntu22/so_arm100_write/ros2_ws/install/arm_planning/share/arm_planning
