[0.190s] Invoking command in '/home/ubuntu22/so_arm100_write/ros2_ws/build/so_arm100_write': CONDA_PROMPT_MODIFIER=(base) /home/ubuntu22/.local/bin/cmake /home/ubuntu22/so_arm100_write/ros2_ws/src/arm_description -DCATKIN_INSTALL_INTO_PREFIX_ROOT=0 -DCATKIN_SYMLINK_INSTALL=ON -DCMAKE_INSTALL_PREFIX=/home/ubuntu22/so_arm100_write/ros2_ws/install/so_arm100_write
[0.238s] CMake Deprecation Warning at CMakeLists.txt:1 (cmake_minimum_required):
[0.238s]   Compatibility with CMake < 3.10 will be removed from a future version of
[0.238s]   CMake.
[0.238s] 
[0.238s]   Update the VERSION argument <min> value or use a ...<max> suffix to tell
[0.238s]   CMake that the project does not need compatibility with older versions.
[0.239s] 
[0.239s] 
[0.275s] -- The C compiler identification is GNU 11.4.0
[0.317s] -- The CXX compiler identification is GNU 11.4.0
[0.324s] -- Detecting C compiler ABI info
[0.364s] -- Detecting C compiler ABI info - done
[0.375s] -- Check for working C compiler: /usr/bin/cc - skipped
[0.375s] -- Detecting C compile features
[0.375s] -- Detecting C compile features - done
[0.384s] -- Detecting CXX compiler ABI info
[0.429s] -- Detecting CXX compiler ABI info - done
[0.441s] -- Check for working CXX compiler: /usr/bin/c++ - skipped
[0.441s] -- Detecting CXX compile features
[0.441s] -- Detecting CXX compile features - done
[0.454s] CMake Error at CMakeLists.txt:5 (find_package):
[0.454s]   By not providing "Findcatkin.cmake" in CMAKE_MODULE_PATH this project has
[0.454s]   asked CMake to find a package configuration file provided by "catkin", but
[0.454s]   CMake did not find one.
[0.454s] 
[0.454s]   Could not find a package configuration file provided by "catkin" with any
[0.454s]   of the following names:
[0.454s] 
[0.454s]     catkinConfig.cmake
[0.454s]     catkin-config.cmake
[0.454s] 
[0.454s]   Add the installation prefix of "catkin" to CMAKE_PREFIX_PATH or set
[0.454s]   "catkin_DIR" to a directory containing one of the above files.  If "catkin"
[0.454s]   provides a separate development package or SDK, be sure it has been
[0.454s]   installed.
[0.454s] 
[0.454s] 
[0.454s] -- Configuring incomplete, errors occurred!
[0.456s] Invoked command in '/home/ubuntu22/so_arm100_write/ros2_ws/build/so_arm100_write' returned '1': CONDA_PROMPT_MODIFIER=(base) /home/ubuntu22/.local/bin/cmake /home/ubuntu22/so_arm100_write/ros2_ws/src/arm_description -DCATKIN_INSTALL_INTO_PREFIX_ROOT=0 -DCATKIN_SYMLINK_INSTALL=ON -DCMAKE_INSTALL_PREFIX=/home/ubuntu22/so_arm100_write/ros2_ws/install/so_arm100_write
