running egg_info
creating ../../build/arm_planning/arm_planning.egg-info
writing ../../build/arm_planning/arm_planning.egg-info/PKG-INFO
writing dependency_links to ../../build/arm_planning/arm_planning.egg-info/dependency_links.txt
writing entry points to ../../build/arm_planning/arm_planning.egg-info/entry_points.txt
writing requirements to ../../build/arm_planning/arm_planning.egg-info/requires.txt
writing top-level names to ../../build/arm_planning/arm_planning.egg-info/top_level.txt
writing manifest file '../../build/arm_planning/arm_planning.egg-info/SOURCES.txt'
reading manifest file '../../build/arm_planning/arm_planning.egg-info/SOURCES.txt'
writing manifest file '../../build/arm_planning/arm_planning.egg-info/SOURCES.txt'
running build
running build_py
creating /home/ubuntu22/so_arm100_write/ros2_ws/build/arm_planning/build
creating /home/ubuntu22/so_arm100_write/ros2_ws/build/arm_planning/build/lib
creating /home/ubuntu22/so_arm100_write/ros2_ws/build/arm_planning/build/lib/arm_planning
copying arm_planning/__init__.py -> /home/ubuntu22/so_arm100_write/ros2_ws/build/arm_planning/build/lib/arm_planning
running install
running install_lib
creating /home/ubuntu22/so_arm100_write/ros2_ws/install/arm_planning/lib/python3.10/site-packages/arm_planning
copying /home/ubuntu22/so_arm100_write/ros2_ws/build/arm_planning/build/lib/arm_planning/__init__.py -> /home/ubuntu22/so_arm100_write/ros2_ws/install/arm_planning/lib/python3.10/site-packages/arm_planning
byte-compiling /home/ubuntu22/so_arm100_write/ros2_ws/install/arm_planning/lib/python3.10/site-packages/arm_planning/__init__.py to __init__.cpython-310.pyc
running install_data
creating /home/ubuntu22/so_arm100_write/ros2_ws/install/arm_planning/share/ament_index
creating /home/ubuntu22/so_arm100_write/ros2_ws/install/arm_planning/share/ament_index/resource_index
creating /home/ubuntu22/so_arm100_write/ros2_ws/install/arm_planning/share/ament_index/resource_index/packages
copying resource/arm_planning -> /home/ubuntu22/so_arm100_write/ros2_ws/install/arm_planning/share/ament_index/resource_index/packages
copying package.xml -> /home/ubuntu22/so_arm100_write/ros2_ws/install/arm_planning/share/arm_planning
running install_egg_info
Copying ../../build/arm_planning/arm_planning.egg-info to /home/ubuntu22/so_arm100_write/ros2_ws/install/arm_planning/lib/python3.10/site-packages/arm_planning-0.0.0-py3.10.egg-info
running install_scripts
writing list of installed files to '/home/ubuntu22/so_arm100_write/ros2_ws/build/arm_planning/install.log'
