[0.000000] (-) TimerEvent: {}
[0.000303] (-) JobUnselected: {'identifier': 'arm_description'}
[0.000415] (-) JobUnselected: {'identifier': 'arm_planning'}
[0.000481] (arm_visualization) JobQueued: {'identifier': 'arm_visualization', 'dependencies': OrderedDict()}
[0.000519] (arm_visualization) JobStarted: {'identifier': 'arm_visualization'}
[0.099748] (-) TimerEvent: {}
[0.199967] (-) TimerEvent: {}
[0.300178] (-) TimerEvent: {}
[0.400354] (-) TimerEvent: {}
[0.447389] (arm_visualization) Command: {'cmd': ['/usr/bin/python3', '-W', 'ignore:setup.py install is deprecated', '-W', 'ignore:easy_install command is deprecated', 'setup.py', 'egg_info', '--egg-base', '../../build/arm_visualization', 'build', '--build-base', '/home/ubuntu22/so_arm100_write/ros2_ws/build/arm_visualization/build', 'install', '--record', '/home/ubuntu22/so_arm100_write/ros2_ws/build/arm_visualization/install.log', '--single-version-externally-managed', 'install_data'], 'cwd': '/home/ubuntu22/so_arm100_write/ros2_ws/src/arm_visualization', 'env': {'GJS_DEBUG_TOPICS': 'JS ERROR;JS LOG', 'LESSOPEN': '| /usr/bin/lesspipe %s', 'VSCODE_CWD': '/home/ubuntu22', 'CONDA_PROMPT_MODIFIER': '(base)', 'LANGUAGE': 'zh_CN:zh', 'USER': 'ubuntu22', 'VSCODE_NLS_CONFIG': '{"userLocale":"zh-cn","osLocale":"zh-cn","resolvedLanguage":"zh-cn","defaultMessagesFile":"/usr/share/windsurf/resources/app/out/nls.messages.json","languagePack":{"translationsConfigFile":"/home/ubuntu22/.config/Windsurf/clp/83447c9e569f9056950c8dcd32d44ec9.zh-cn/tcf.json","messagesFile":"/home/ubuntu22/.config/Windsurf/clp/83447c9e569f9056950c8dcd32d44ec9.zh-cn/95dd76c0ef76eb2fef8d62b268ec0926f86b5eb3/nls.messages.json","corruptMarkerFile":"/home/ubuntu22/.config/Windsurf/clp/83447c9e569f9056950c8dcd32d44ec9.zh-cn/corrupted.info"},"locale":"zh-cn","availableLanguages":{"*":"zh-cn"},"_languagePackId":"83447c9e569f9056950c8dcd32d44ec9.zh-cn","_languagePackSupport":true,"_translationsConfigFile":"/home/ubuntu22/.config/Windsurf/clp/83447c9e569f9056950c8dcd32d44ec9.zh-cn/tcf.json","_cacheRoot":"/home/ubuntu22/.config/Windsurf/clp/83447c9e569f9056950c8dcd32d44ec9.zh-cn","_resolvedLanguagePackCoreLocation":"/home/ubuntu22/.config/Windsurf/clp/83447c9e569f9056950c8dcd32d44ec9.zh-cn/95dd76c0ef76eb2fef8d62b268ec0926f86b5eb3","_corruptedFile":"/home/ubuntu22/.config/Windsurf/clp/83447c9e569f9056950c8dcd32d44ec9.zh-cn/corrupted.info"}', 'VSCODE_HANDLES_UNCAUGHT_ERRORS': 'true', 'XDG_SESSION_TYPE': 'x11', 'LD_LIBRARY_PATH': '/opt/ros/humble/lib:/usr/lib/x86_64-linux-gnu/gazebo-11/plugins:/opt/ros/humble/opt/rviz_ogre_vendor/lib:/opt/ros/humble/lib/x86_64-linux-gnu:/opt/ros/humble/lib', 'SHLVL': '0', 'CHROME_DESKTOP': 'windsurf-url-handler.desktop', 'CONDA_SHLVL': '1', 'HOME': '/home/ubuntu22', 'DESKTOP_SESSION': 'ubuntu', 'GIO_LAUNCHED_DESKTOP_FILE': '/usr/share/applications/windsurf.desktop', 'VSCODE_IPC_HOOK': '/run/user/1000/vscode-b1babb8d-1.94-main.sock', 'GNOME_SHELL_SESSION_MODE': 'ubuntu', 'GTK_MODULES': 'gail:atk-bridge', 'ROS_PYTHON_VERSION': '3', 'MANAGERPID': '1198', 'DBUS_SESSION_BUS_ADDRESS': 'unix:path=/run/user/1000/bus', 'SYSTEMD_EXEC_PID': '1772', 'GIO_LAUNCHED_DESKTOP_FILE_PID': '32805', 'VSCODE_CRASH_REPORTER_PROCESS_TYPE': 'extensionHost', 'IM_CONFIG_PHASE': '1', 'ROS_DISTRO': 'humble', 'VSCODE_L10N_BUNDLE_LOCATION': 'file:///home/ubuntu22/.windsurf/extensions/ms-ceintl.vscode-language-pack-zh-hans-1.94.0-universal/translations/extensions/vscode.markdown-language-features.i18n.json', 'GTK_IM_MODULE': 'ibus', 'LOGNAME': 'ubuntu22', 'JOURNAL_STREAM': '8:8610', '_': '/usr/share/windsurf/windsurf', 'ROS_VERSION': '2', 'XDG_SESSION_CLASS': 'user', 'USERNAME': 'ubuntu22', 'GNOME_DESKTOP_SESSION_ID': 'this-is-deprecated', 'ROS_LOCALHOST_ONLY': '0', 'WINDOWPATH': '2', 'PATH': '/home/ubuntu22/.local/bin:/opt/ros/humble/bin:/home/ubuntu22/anaconda3/bin:/home/ubuntu22/anaconda3/condabin:/home/ubuntu22/.local/bin:/usr/local/sbin:/usr/local/bin:/usr/sbin:/usr/bin:/sbin:/bin:/usr/games:/usr/local/games:/snap/bin:/snap/bin:/home/ubuntu22/.local/bin', 'INVOCATION_ID': 'aed286c479164e479b20074d39438fd3', 'SESSION_MANAGER': 'local/ubuntu22-MS-Challenger-B760M-N-D5:@/tmp/.ICE-unix/1744,unix/ubuntu22-MS-Challenger-B760M-N-D5:/tmp/.ICE-unix/1744', 'VSCODE_AMD_ENTRYPOINT': 'vs/workbench/api/node/extensionHostProcess', 'GDK_BACKEND': 'x11', 'XDG_MENU_PREFIX': 'gnome-', 'XDG_RUNTIME_DIR': '/run/user/1000', 'DISPLAY': ':0', 'LANG': 'zh_CN.UTF-8', 'XDG_CURRENT_DESKTOP': 'Unity', 'XAUTHORITY': '/run/user/1000/gdm/Xauthority', 'XDG_SESSION_DESKTOP': 'ubuntu', 'XMODIFIERS': '@im=ibus', 'AMENT_PREFIX_PATH': '/opt/ros/humble', 'CONDA_PYTHON_EXE': '/home/ubuntu22/anaconda3/bin/python', 'ORIGINAL_XDG_CURRENT_DESKTOP': 'ubuntu:GNOME', 'SSH_AGENT_LAUNCHER': 'gnome-keyring', 'SSH_AUTH_SOCK': '/run/user/1000/keyring/ssh', 'SHELL': '/bin/bash', 'GDMSESSION': 'ubuntu', 'QT_ACCESSIBILITY': '1', 'ELECTRON_RUN_AS_NODE': '1', 'CONDA_DEFAULT_ENV': 'base', 'LESSCLOSE': '/usr/bin/lesspipe %s %s', 'GJS_DEBUG_OUTPUT': 'stderr', 'GPG_AGENT_INFO': '/run/user/1000/gnupg/S.gpg-agent:0:1', 'QT_IM_MODULE': 'ibus', 'CODEIUM_EDITOR_APP_ROOT': '/usr/share/windsurf/resources/app', 'PWD': '/home/ubuntu22/so_arm100_write/ros2_ws/build/arm_visualization', 'CONDA_EXE': '/home/ubuntu22/anaconda3/bin/conda', 'VSCODE_CODE_CACHE_PATH': '/home/ubuntu22/.config/Windsurf/CachedData/95dd76c0ef76eb2fef8d62b268ec0926f86b5eb3', 'XDG_CONFIG_DIRS': '/etc/xdg/xdg-ubuntu:/etc/xdg', 'XDG_DATA_DIRS': '/usr/share/ubuntu:/usr/share/gnome:/home/ubuntu22/.local/share/flatpak/exports/share:/var/lib/flatpak/exports/share:/usr/local/share/:/usr/share/:/var/lib/snapd/desktop', 'PYTHONPATH': '/home/ubuntu22/so_arm100_write/ros2_ws/build/arm_visualization/prefix_override:/usr/lib/python3/dist-packages/colcon_core/task/python/colcon_distutils_commands:/home/ubuntu22/so_arm100_write/ros2_ws/install/arm_visualization/lib/python3.10/site-packages:/opt/ros/humble/lib/python3.10/site-packages:/opt/ros/humble/lib/python3.10/site-packages:/opt/ros/humble/local/lib/python3.10/dist-packages', 'CONDA_PREFIX': '/home/ubuntu22/anaconda3', 'COLCON': '1', 'VSCODE_PID': '32805'}, 'shell': False}
[0.500456] (-) TimerEvent: {}
[0.600601] (-) TimerEvent: {}
[0.608949] (arm_visualization) StdoutLine: {'line': b'running egg_info\n'}
[0.609200] (arm_visualization) StdoutLine: {'line': b'writing ../../build/arm_visualization/arm_visualization.egg-info/PKG-INFO\n'}
[0.609308] (arm_visualization) StdoutLine: {'line': b'writing dependency_links to ../../build/arm_visualization/arm_visualization.egg-info/dependency_links.txt\n'}
[0.609383] (arm_visualization) StdoutLine: {'line': b'writing entry points to ../../build/arm_visualization/arm_visualization.egg-info/entry_points.txt\n'}
[0.609459] (arm_visualization) StdoutLine: {'line': b'writing requirements to ../../build/arm_visualization/arm_visualization.egg-info/requires.txt\n'}
[0.609510] (arm_visualization) StdoutLine: {'line': b'writing top-level names to ../../build/arm_visualization/arm_visualization.egg-info/top_level.txt\n'}
[0.610566] (arm_visualization) StdoutLine: {'line': b"reading manifest file '../../build/arm_visualization/arm_visualization.egg-info/SOURCES.txt'\n"}
[0.611128] (arm_visualization) StdoutLine: {'line': b"writing manifest file '../../build/arm_visualization/arm_visualization.egg-info/SOURCES.txt'\n"}
[0.611188] (arm_visualization) StdoutLine: {'line': b'running build\n'}
[0.611213] (arm_visualization) StdoutLine: {'line': b'running build_py\n'}
[0.611262] (arm_visualization) StdoutLine: {'line': b'copying arm_visualization/rectangle_visualizer.py -> /home/ubuntu22/so_arm100_write/ros2_ws/build/arm_visualization/build/lib/arm_visualization\n'}
[0.611587] (arm_visualization) StdoutLine: {'line': b'running install\n'}
[0.611817] (arm_visualization) StdoutLine: {'line': b'running install_lib\n'}
[0.612251] (arm_visualization) StdoutLine: {'line': b'copying /home/ubuntu22/so_arm100_write/ros2_ws/build/arm_visualization/build/lib/arm_visualization/rectangle_visualizer.py -> /home/ubuntu22/so_arm100_write/ros2_ws/install/arm_visualization/lib/python3.10/site-packages/arm_visualization\n'}
[0.612619] (arm_visualization) StdoutLine: {'line': b'byte-compiling /home/ubuntu22/so_arm100_write/ros2_ws/install/arm_visualization/lib/python3.10/site-packages/arm_visualization/rectangle_visualizer.py to rectangle_visualizer.cpython-310.pyc\n'}
[0.613875] (arm_visualization) StdoutLine: {'line': b'running install_data\n'}
[0.613926] (arm_visualization) StdoutLine: {'line': b'running install_egg_info\n'}
[0.614978] (arm_visualization) StdoutLine: {'line': b"removing '/home/ubuntu22/so_arm100_write/ros2_ws/install/arm_visualization/lib/python3.10/site-packages/arm_visualization-0.0.0-py3.10.egg-info' (and everything under it)\n"}
[0.615116] (arm_visualization) StdoutLine: {'line': b'Copying ../../build/arm_visualization/arm_visualization.egg-info to /home/ubuntu22/so_arm100_write/ros2_ws/install/arm_visualization/lib/python3.10/site-packages/arm_visualization-0.0.0-py3.10.egg-info\n'}
[0.615479] (arm_visualization) StdoutLine: {'line': b'running install_scripts\n'}
[0.627521] (arm_visualization) StdoutLine: {'line': b'Installing rectangle_visualizer script to /home/ubuntu22/so_arm100_write/ros2_ws/install/arm_visualization/lib/arm_visualization\n'}
[0.627708] (arm_visualization) StdoutLine: {'line': b"writing list of installed files to '/home/ubuntu22/so_arm100_write/ros2_ws/build/arm_visualization/install.log'\n"}
[0.644357] (arm_visualization) CommandEnded: {'returncode': 0}
[0.649937] (arm_visualization) JobEnded: {'identifier': 'arm_visualization', 'rc': 0}
[0.650202] (-) EventReactorShutdown: {}
