CMake Deprecation Warning at CMakeLists.txt:1 (cmake_minimum_required):
  Compatibility with CMake < 3.10 will be removed from a future version of
  CMake.

  Update the VERSION argument <min> value or use a ...<max> suffix to tell
  CMake that the project does not need compatibility with older versions.


-- The C compiler identification is GNU 11.4.0
-- The CXX compiler identification is GNU 11.4.0
-- Detecting C compiler ABI info
-- Detecting C compiler ABI info - done
-- Check for working C compiler: /usr/bin/cc - skipped
-- Detecting C compile features
-- Detecting C compile features - done
-- Detecting CXX compiler ABI info
-- Detecting CXX compiler ABI info - done
-- Check for working CXX compiler: /usr/bin/c++ - skipped
-- Detecting CXX compile features
-- Detecting CXX compile features - done
-- Found ament_cmake: 1.3.11 (/opt/ros/humble/share/ament_cmake/cmake)
-- Found Python3: /home/ubuntu22/anaconda3/bin/python3 (found version "3.10.9") found components: Interpreter
-- Override CMake install command with custom implementation using symlinks instead of copying resources
-- Configuring done (0.4s)
-- Generating done (0.0s)
-- Build files have been written to: /home/ubuntu22/so_arm100_write/ros2_ws/build/arm_description
-- Install configuration: ""
-- Execute custom install script
-- Symlinking: /home/ubuntu22/so_arm100_write/ros2_ws/install/arm_description/share/arm_description/config/joint_names_so_arm100_write.yaml
-- Symlinking: /home/ubuntu22/so_arm100_write/ros2_ws/install/arm_description/share/arm_description/launch/display.launch
-- Symlinking: /home/ubuntu22/so_arm100_write/ros2_ws/install/arm_description/share/arm_description/launch/display.launch.py
-- Symlinking: /home/ubuntu22/so_arm100_write/ros2_ws/install/arm_description/share/arm_description/launch/gazebo.launch
-- Symlinking: /home/ubuntu22/so_arm100_write/ros2_ws/install/arm_description/share/arm_description/meshes/base_link.STL
-- Symlinking: /home/ubuntu22/so_arm100_write/ros2_ws/install/arm_description/share/arm_description/meshes/forearm_link.STL
-- Symlinking: /home/ubuntu22/so_arm100_write/ros2_ws/install/arm_description/share/arm_description/meshes/jaw_link.STL
-- Symlinking: /home/ubuntu22/so_arm100_write/ros2_ws/install/arm_description/share/arm_description/meshes/pen_point_link.STL
-- Symlinking: /home/ubuntu22/so_arm100_write/ros2_ws/install/arm_description/share/arm_description/meshes/shoulder_link.STL
-- Symlinking: /home/ubuntu22/so_arm100_write/ros2_ws/install/arm_description/share/arm_description/meshes/upper_arm_link.STL
-- Symlinking: /home/ubuntu22/so_arm100_write/ros2_ws/install/arm_description/share/arm_description/meshes/wrist_1_link.STL
-- Symlinking: /home/ubuntu22/so_arm100_write/ros2_ws/install/arm_description/share/arm_description/meshes/wrist_2_link.STL
-- Symlinking: /home/ubuntu22/so_arm100_write/ros2_ws/install/arm_description/share/arm_description/urdf/so_arm100_write.csv
-- Symlinking: /home/ubuntu22/so_arm100_write/ros2_ws/install/arm_description/share/arm_description/urdf/so_arm100_write.urdf
-- Symlinking: /home/ubuntu22/so_arm100_write/ros2_ws/install/arm_description/share/ament_index/resource_index/package_run_dependencies/arm_description
-- Symlinking: /home/ubuntu22/so_arm100_write/ros2_ws/install/arm_description/share/ament_index/resource_index/parent_prefix_path/arm_description
-- Symlinking: /home/ubuntu22/so_arm100_write/ros2_ws/install/arm_description/share/arm_description/environment/ament_prefix_path.sh
-- Symlinking: /home/ubuntu22/so_arm100_write/ros2_ws/install/arm_description/share/arm_description/environment/ament_prefix_path.dsv
-- Symlinking: /home/ubuntu22/so_arm100_write/ros2_ws/install/arm_description/share/arm_description/environment/path.sh
-- Symlinking: /home/ubuntu22/so_arm100_write/ros2_ws/install/arm_description/share/arm_description/environment/path.dsv
-- Symlinking: /home/ubuntu22/so_arm100_write/ros2_ws/install/arm_description/share/arm_description/local_setup.bash
-- Symlinking: /home/ubuntu22/so_arm100_write/ros2_ws/install/arm_description/share/arm_description/local_setup.sh
-- Symlinking: /home/ubuntu22/so_arm100_write/ros2_ws/install/arm_description/share/arm_description/local_setup.zsh
-- Symlinking: /home/ubuntu22/so_arm100_write/ros2_ws/install/arm_description/share/arm_description/local_setup.dsv
-- Symlinking: /home/ubuntu22/so_arm100_write/ros2_ws/install/arm_description/share/arm_description/package.dsv
-- Symlinking: /home/ubuntu22/so_arm100_write/ros2_ws/install/arm_description/share/ament_index/resource_index/packages/arm_description
-- Symlinking: /home/ubuntu22/so_arm100_write/ros2_ws/install/arm_description/share/arm_description/cmake/arm_descriptionConfig.cmake
-- Symlinking: /home/ubuntu22/so_arm100_write/ros2_ws/install/arm_description/share/arm_description/cmake/arm_descriptionConfig-version.cmake
-- Symlinking: /home/ubuntu22/so_arm100_write/ros2_ws/install/arm_description/share/arm_description/package.xml
