[0.427s] Invoking command in '/home/ubuntu22/so_arm100_write/ros2_ws/src/arm_visualization': PYTHONPATH=/home/ubuntu22/so_arm100_write/ros2_ws/build/arm_visualization/prefix_override:/usr/lib/python3/dist-packages/colcon_core/task/python/colcon_distutils_commands:/home/ubuntu22/so_arm100_write/ros2_ws/install/arm_visualization/lib/python3.10/site-packages:${PYTHONPATH} /usr/bin/python3 -W ignore:setup.py install is deprecated -W ignore:easy_install command is deprecated setup.py egg_info --egg-base ../../build/arm_visualization build --build-base /home/ubuntu22/so_arm100_write/ros2_ws/build/arm_visualization/build install --record /home/ubuntu22/so_arm100_write/ros2_ws/build/arm_visualization/install.log --single-version-externally-managed install_data
[0.585s] running egg_info
[0.586s] writing ../../build/arm_visualization/arm_visualization.egg-info/PKG-INFO
[0.586s] writing dependency_links to ../../build/arm_visualization/arm_visualization.egg-info/dependency_links.txt
[0.586s] writing entry points to ../../build/arm_visualization/arm_visualization.egg-info/entry_points.txt
[0.586s] writing requirements to ../../build/arm_visualization/arm_visualization.egg-info/requires.txt
[0.586s] writing top-level names to ../../build/arm_visualization/arm_visualization.egg-info/top_level.txt
[0.587s] reading manifest file '../../build/arm_visualization/arm_visualization.egg-info/SOURCES.txt'
[0.588s] writing manifest file '../../build/arm_visualization/arm_visualization.egg-info/SOURCES.txt'
[0.588s] running build
[0.588s] running build_py
[0.588s] running install
[0.588s] running install_lib
[0.589s] running install_data
[0.589s] running install_egg_info
[0.590s] removing '/home/ubuntu22/so_arm100_write/ros2_ws/install/arm_visualization/lib/python3.10/site-packages/arm_visualization-0.0.0-py3.10.egg-info' (and everything under it)
[0.590s] Copying ../../build/arm_visualization/arm_visualization.egg-info to /home/ubuntu22/so_arm100_write/ros2_ws/install/arm_visualization/lib/python3.10/site-packages/arm_visualization-0.0.0-py3.10.egg-info
[0.591s] running install_scripts
[0.603s] Installing rectangle_visualizer script to /home/ubuntu22/so_arm100_write/ros2_ws/install/arm_visualization/lib/arm_visualization
[0.603s] writing list of installed files to '/home/ubuntu22/so_arm100_write/ros2_ws/build/arm_visualization/install.log'
[0.618s] Invoked command in '/home/ubuntu22/so_arm100_write/ros2_ws/src/arm_visualization' returned '0': PYTHONPATH=/home/ubuntu22/so_arm100_write/ros2_ws/build/arm_visualization/prefix_override:/usr/lib/python3/dist-packages/colcon_core/task/python/colcon_distutils_commands:/home/ubuntu22/so_arm100_write/ros2_ws/install/arm_visualization/lib/python3.10/site-packages:${PYTHONPATH} /usr/bin/python3 -W ignore:setup.py install is deprecated -W ignore:easy_install command is deprecated setup.py egg_info --egg-base ../../build/arm_visualization build --build-base /home/ubuntu22/so_arm100_write/ros2_ws/build/arm_visualization/build install --record /home/ubuntu22/so_arm100_write/ros2_ws/build/arm_visualization/install.log --single-version-externally-managed install_data
