running egg_info
writing ../../build/arm_visualization/arm_visualization.egg-info/PKG-INFO
writing dependency_links to ../../build/arm_visualization/arm_visualization.egg-info/dependency_links.txt
writing entry points to ../../build/arm_visualization/arm_visualization.egg-info/entry_points.txt
writing requirements to ../../build/arm_visualization/arm_visualization.egg-info/requires.txt
writing top-level names to ../../build/arm_visualization/arm_visualization.egg-info/top_level.txt
reading manifest file '../../build/arm_visualization/arm_visualization.egg-info/SOURCES.txt'
writing manifest file '../../build/arm_visualization/arm_visualization.egg-info/SOURCES.txt'
running build
running build_py
copying arm_visualization/arm_controller.py -> /home/ubuntu22/so_arm100_write/ros2_ws/build/arm_visualization/build/lib/arm_visualization
running install
running install_lib
copying /home/ubuntu22/so_arm100_write/ros2_ws/build/arm_visualization/build/lib/arm_visualization/arm_controller.py -> /home/ubuntu22/so_arm100_write/ros2_ws/install/arm_visualization/lib/python3.10/site-packages/arm_visualization
byte-compiling /home/ubuntu22/so_arm100_write/ros2_ws/install/arm_visualization/lib/python3.10/site-packages/arm_visualization/arm_controller.py to arm_controller.cpython-310.pyc
running install_data
running install_egg_info
removing '/home/ubuntu22/so_arm100_write/ros2_ws/install/arm_visualization/lib/python3.10/site-packages/arm_visualization-0.0.0-py3.10.egg-info' (and everything under it)
Copying ../../build/arm_visualization/arm_visualization.egg-info to /home/ubuntu22/so_arm100_write/ros2_ws/install/arm_visualization/lib/python3.10/site-packages/arm_visualization-0.0.0-py3.10.egg-info
running install_scripts
Installing rectangle_visualizer script to /home/ubuntu22/so_arm100_write/ros2_ws/install/arm_visualization/lib/arm_visualization
writing list of installed files to '/home/ubuntu22/so_arm100_write/ros2_ws/build/arm_visualization/install.log'
