-- Install configuration: ""
-- Execute custom install script
-- Up-to-date symlink: /home/ubuntu22/so_arm100_write/ros2_ws/install/arm_description/share/arm_description/config/joint_names_so_arm100_write.yaml
-- Up-to-date symlink: /home/ubuntu22/so_arm100_write/ros2_ws/install/arm_description/share/arm_description/launch/display.launch
-- Up-to-date symlink: /home/ubuntu22/so_arm100_write/ros2_ws/install/arm_description/share/arm_description/launch/display.launch.py
-- Up-to-date symlink: /home/ubuntu22/so_arm100_write/ros2_ws/install/arm_description/share/arm_description/launch/gazebo.launch
-- Up-to-date symlink: /home/ubuntu22/so_arm100_write/ros2_ws/install/arm_description/share/arm_description/meshes/base_link.STL
-- Up-to-date symlink: /home/ubuntu22/so_arm100_write/ros2_ws/install/arm_description/share/arm_description/meshes/forearm_link.STL
-- Up-to-date symlink: /home/ubuntu22/so_arm100_write/ros2_ws/install/arm_description/share/arm_description/meshes/jaw_link.STL
-- Up-to-date symlink: /home/ubuntu22/so_arm100_write/ros2_ws/install/arm_description/share/arm_description/meshes/pen_point_link.STL
-- Up-to-date symlink: /home/ubuntu22/so_arm100_write/ros2_ws/install/arm_description/share/arm_description/meshes/shoulder_link.STL
-- Up-to-date symlink: /home/ubuntu22/so_arm100_write/ros2_ws/install/arm_description/share/arm_description/meshes/upper_arm_link.STL
-- Up-to-date symlink: /home/ubuntu22/so_arm100_write/ros2_ws/install/arm_description/share/arm_description/meshes/wrist_1_link.STL
-- Up-to-date symlink: /home/ubuntu22/so_arm100_write/ros2_ws/install/arm_description/share/arm_description/meshes/wrist_2_link.STL
-- Up-to-date symlink: /home/ubuntu22/so_arm100_write/ros2_ws/install/arm_description/share/arm_description/urdf/so_arm100_write.csv
-- Up-to-date symlink: /home/ubuntu22/so_arm100_write/ros2_ws/install/arm_description/share/arm_description/urdf/so_arm100_write.urdf
-- Up-to-date symlink: /home/ubuntu22/so_arm100_write/ros2_ws/install/arm_description/share/ament_index/resource_index/package_run_dependencies/arm_description
-- Up-to-date symlink: /home/ubuntu22/so_arm100_write/ros2_ws/install/arm_description/share/ament_index/resource_index/parent_prefix_path/arm_description
-- Up-to-date symlink: /home/ubuntu22/so_arm100_write/ros2_ws/install/arm_description/share/arm_description/environment/ament_prefix_path.sh
-- Up-to-date symlink: /home/ubuntu22/so_arm100_write/ros2_ws/install/arm_description/share/arm_description/environment/ament_prefix_path.dsv
-- Up-to-date symlink: /home/ubuntu22/so_arm100_write/ros2_ws/install/arm_description/share/arm_description/environment/path.sh
-- Up-to-date symlink: /home/ubuntu22/so_arm100_write/ros2_ws/install/arm_description/share/arm_description/environment/path.dsv
-- Up-to-date symlink: /home/ubuntu22/so_arm100_write/ros2_ws/install/arm_description/share/arm_description/local_setup.bash
-- Up-to-date symlink: /home/ubuntu22/so_arm100_write/ros2_ws/install/arm_description/share/arm_description/local_setup.sh
-- Up-to-date symlink: /home/ubuntu22/so_arm100_write/ros2_ws/install/arm_description/share/arm_description/local_setup.zsh
-- Up-to-date symlink: /home/ubuntu22/so_arm100_write/ros2_ws/install/arm_description/share/arm_description/local_setup.dsv
-- Symlinking: /home/ubuntu22/so_arm100_write/ros2_ws/install/arm_description/share/arm_description/package.dsv
-- Up-to-date symlink: /home/ubuntu22/so_arm100_write/ros2_ws/install/arm_description/share/ament_index/resource_index/packages/arm_description
-- Up-to-date symlink: /home/ubuntu22/so_arm100_write/ros2_ws/install/arm_description/share/arm_description/cmake/arm_descriptionConfig.cmake
-- Up-to-date symlink: /home/ubuntu22/so_arm100_write/ros2_ws/install/arm_description/share/arm_description/cmake/arm_descriptionConfig-version.cmake
-- Up-to-date symlink: /home/ubuntu22/so_arm100_write/ros2_ws/install/arm_description/share/arm_description/package.xml
