[0.639s] Invoking command in '/home/ubuntu22/so_arm100_write/ros2_ws/src/arm_visualization': CONDA_PROMPT_MODIFIER=(base) PYTHONPATH=/home/ubuntu22/so_arm100_write/ros2_ws/build/arm_visualization/prefix_override:/usr/lib/python3/dist-packages/colcon_core/task/python/colcon_distutils_commands:/home/ubuntu22/so_arm100_write/ros2_ws/install/arm_visualization/lib/python3.10/site-packages:${PYTHONPATH} /usr/bin/python3 -W ignore:setup.py install is deprecated -W ignore:easy_install command is deprecated setup.py egg_info --egg-base ../../build/arm_visualization build --build-base /home/ubuntu22/so_arm100_write/ros2_ws/build/arm_visualization/build install --record /home/ubuntu22/so_arm100_write/ros2_ws/build/arm_visualization/install.log --single-version-externally-managed install_data
[0.814s] running egg_info
[0.814s] creating ../../build/arm_visualization/arm_visualization.egg-info
[0.814s] writing ../../build/arm_visualization/arm_visualization.egg-info/PKG-INFO
[0.814s] writing dependency_links to ../../build/arm_visualization/arm_visualization.egg-info/dependency_links.txt
[0.814s] writing entry points to ../../build/arm_visualization/arm_visualization.egg-info/entry_points.txt
[0.814s] writing requirements to ../../build/arm_visualization/arm_visualization.egg-info/requires.txt
[0.815s] writing top-level names to ../../build/arm_visualization/arm_visualization.egg-info/top_level.txt
[0.815s] writing manifest file '../../build/arm_visualization/arm_visualization.egg-info/SOURCES.txt'
[0.816s] reading manifest file '../../build/arm_visualization/arm_visualization.egg-info/SOURCES.txt'
[0.816s] writing manifest file '../../build/arm_visualization/arm_visualization.egg-info/SOURCES.txt'
[0.816s] running build
[0.816s] running build_py
[0.816s] creating /home/ubuntu22/so_arm100_write/ros2_ws/build/arm_visualization/build
[0.817s] creating /home/ubuntu22/so_arm100_write/ros2_ws/build/arm_visualization/build/lib
[0.817s] creating /home/ubuntu22/so_arm100_write/ros2_ws/build/arm_visualization/build/lib/arm_visualization
[0.817s] copying arm_visualization/__init__.py -> /home/ubuntu22/so_arm100_write/ros2_ws/build/arm_visualization/build/lib/arm_visualization
[0.817s] copying arm_visualization/motion_controller.py -> /home/ubuntu22/so_arm100_write/ros2_ws/build/arm_visualization/build/lib/arm_visualization
[0.817s] copying arm_visualization/rectangle_gui_controller.py -> /home/ubuntu22/so_arm100_write/ros2_ws/build/arm_visualization/build/lib/arm_visualization
[0.817s] copying arm_visualization/rectangle_visualizer.py -> /home/ubuntu22/so_arm100_write/ros2_ws/build/arm_visualization/build/lib/arm_visualization
[0.817s] copying arm_visualization/arm_controller.py -> /home/ubuntu22/so_arm100_write/ros2_ws/build/arm_visualization/build/lib/arm_visualization
[0.817s] copying arm_visualization/trajectory_generator.py -> /home/ubuntu22/so_arm100_write/ros2_ws/build/arm_visualization/build/lib/arm_visualization
[0.817s] creating /home/ubuntu22/so_arm100_write/ros2_ws/build/arm_visualization/build/lib/arm_visualization/motors
[0.817s] copying arm_visualization/motors/feetech.py -> /home/ubuntu22/so_arm100_write/ros2_ws/build/arm_visualization/build/lib/arm_visualization/motors
[0.817s] copying arm_visualization/motors/utils.py -> /home/ubuntu22/so_arm100_write/ros2_ws/build/arm_visualization/build/lib/arm_visualization/motors
[0.817s] copying arm_visualization/motors/dynamixel.py -> /home/ubuntu22/so_arm100_write/ros2_ws/build/arm_visualization/build/lib/arm_visualization/motors
[0.817s] running install
[0.817s] running install_lib
[0.818s] creating /home/ubuntu22/so_arm100_write/ros2_ws/install/arm_visualization/lib/python3.10/site-packages/arm_visualization
[0.818s] copying /home/ubuntu22/so_arm100_write/ros2_ws/build/arm_visualization/build/lib/arm_visualization/__init__.py -> /home/ubuntu22/so_arm100_write/ros2_ws/install/arm_visualization/lib/python3.10/site-packages/arm_visualization
[0.818s] copying /home/ubuntu22/so_arm100_write/ros2_ws/build/arm_visualization/build/lib/arm_visualization/motion_controller.py -> /home/ubuntu22/so_arm100_write/ros2_ws/install/arm_visualization/lib/python3.10/site-packages/arm_visualization
[0.818s] copying /home/ubuntu22/so_arm100_write/ros2_ws/build/arm_visualization/build/lib/arm_visualization/rectangle_gui_controller.py -> /home/ubuntu22/so_arm100_write/ros2_ws/install/arm_visualization/lib/python3.10/site-packages/arm_visualization
[0.818s] copying /home/ubuntu22/so_arm100_write/ros2_ws/build/arm_visualization/build/lib/arm_visualization/rectangle_visualizer.py -> /home/ubuntu22/so_arm100_write/ros2_ws/install/arm_visualization/lib/python3.10/site-packages/arm_visualization
[0.818s] copying /home/ubuntu22/so_arm100_write/ros2_ws/build/arm_visualization/build/lib/arm_visualization/arm_controller.py -> /home/ubuntu22/so_arm100_write/ros2_ws/install/arm_visualization/lib/python3.10/site-packages/arm_visualization
[0.818s] copying /home/ubuntu22/so_arm100_write/ros2_ws/build/arm_visualization/build/lib/arm_visualization/trajectory_generator.py -> /home/ubuntu22/so_arm100_write/ros2_ws/install/arm_visualization/lib/python3.10/site-packages/arm_visualization
[0.818s] creating /home/ubuntu22/so_arm100_write/ros2_ws/install/arm_visualization/lib/python3.10/site-packages/arm_visualization/motors
[0.818s] copying /home/ubuntu22/so_arm100_write/ros2_ws/build/arm_visualization/build/lib/arm_visualization/motors/feetech.py -> /home/ubuntu22/so_arm100_write/ros2_ws/install/arm_visualization/lib/python3.10/site-packages/arm_visualization/motors
[0.818s] copying /home/ubuntu22/so_arm100_write/ros2_ws/build/arm_visualization/build/lib/arm_visualization/motors/utils.py -> /home/ubuntu22/so_arm100_write/ros2_ws/install/arm_visualization/lib/python3.10/site-packages/arm_visualization/motors
[0.818s] copying /home/ubuntu22/so_arm100_write/ros2_ws/build/arm_visualization/build/lib/arm_visualization/motors/dynamixel.py -> /home/ubuntu22/so_arm100_write/ros2_ws/install/arm_visualization/lib/python3.10/site-packages/arm_visualization/motors
[0.818s] byte-compiling /home/ubuntu22/so_arm100_write/ros2_ws/install/arm_visualization/lib/python3.10/site-packages/arm_visualization/__init__.py to __init__.cpython-310.pyc
[0.819s] byte-compiling /home/ubuntu22/so_arm100_write/ros2_ws/install/arm_visualization/lib/python3.10/site-packages/arm_visualization/motion_controller.py to motion_controller.cpython-310.pyc
[0.820s] byte-compiling /home/ubuntu22/so_arm100_write/ros2_ws/install/arm_visualization/lib/python3.10/site-packages/arm_visualization/rectangle_gui_controller.py to rectangle_gui_controller.cpython-310.pyc
[0.821s] byte-compiling /home/ubuntu22/so_arm100_write/ros2_ws/install/arm_visualization/lib/python3.10/site-packages/arm_visualization/rectangle_visualizer.py to rectangle_visualizer.cpython-310.pyc
[0.822s] byte-compiling /home/ubuntu22/so_arm100_write/ros2_ws/install/arm_visualization/lib/python3.10/site-packages/arm_visualization/arm_controller.py to arm_controller.cpython-310.pyc
[0.823s] byte-compiling /home/ubuntu22/so_arm100_write/ros2_ws/install/arm_visualization/lib/python3.10/site-packages/arm_visualization/trajectory_generator.py to trajectory_generator.cpython-310.pyc
[0.824s] byte-compiling /home/ubuntu22/so_arm100_write/ros2_ws/install/arm_visualization/lib/python3.10/site-packages/arm_visualization/motors/feetech.py to feetech.cpython-310.pyc
[0.827s] byte-compiling /home/ubuntu22/so_arm100_write/ros2_ws/install/arm_visualization/lib/python3.10/site-packages/arm_visualization/motors/utils.py to utils.cpython-310.pyc
[0.827s] byte-compiling /home/ubuntu22/so_arm100_write/ros2_ws/install/arm_visualization/lib/python3.10/site-packages/arm_visualization/motors/dynamixel.py to dynamixel.cpython-310.pyc
[0.829s] running install_data
[0.829s] creating /home/ubuntu22/so_arm100_write/ros2_ws/install/arm_visualization/share/ament_index
[0.829s] creating /home/ubuntu22/so_arm100_write/ros2_ws/install/arm_visualization/share/ament_index/resource_index
[0.830s] creating /home/ubuntu22/so_arm100_write/ros2_ws/install/arm_visualization/share/ament_index/resource_index/packages
[0.830s] copying resource/arm_visualization -> /home/ubuntu22/so_arm100_write/ros2_ws/install/arm_visualization/share/ament_index/resource_index/packages
[0.830s] copying package.xml -> /home/ubuntu22/so_arm100_write/ros2_ws/install/arm_visualization/share/arm_visualization
[0.830s] running install_egg_info
[0.831s] Copying ../../build/arm_visualization/arm_visualization.egg-info to /home/ubuntu22/so_arm100_write/ros2_ws/install/arm_visualization/lib/python3.10/site-packages/arm_visualization-0.0.0-py3.10.egg-info
[0.831s] running install_scripts
[0.844s] Installing rectangle_gui script to /home/ubuntu22/so_arm100_write/ros2_ws/install/arm_visualization/lib/arm_visualization
[0.845s] Installing rectangle_visualizer script to /home/ubuntu22/so_arm100_write/ros2_ws/install/arm_visualization/lib/arm_visualization
[0.845s] writing list of installed files to '/home/ubuntu22/so_arm100_write/ros2_ws/build/arm_visualization/install.log'
[0.862s] Invoked command in '/home/ubuntu22/so_arm100_write/ros2_ws/src/arm_visualization' returned '0': CONDA_PROMPT_MODIFIER=(base) PYTHONPATH=/home/ubuntu22/so_arm100_write/ros2_ws/build/arm_visualization/prefix_override:/usr/lib/python3/dist-packages/colcon_core/task/python/colcon_distutils_commands:/home/ubuntu22/so_arm100_write/ros2_ws/install/arm_visualization/lib/python3.10/site-packages:${PYTHONPATH} /usr/bin/python3 -W ignore:setup.py install is deprecated -W ignore:easy_install command is deprecated setup.py egg_info --egg-base ../../build/arm_visualization build --build-base /home/ubuntu22/so_arm100_write/ros2_ws/build/arm_visualization/build install --record /home/ubuntu22/so_arm100_write/ros2_ws/build/arm_visualization/install.log --single-version-externally-managed install_data
