[0.681s] Invoking command in '/home/ubuntu22/so_arm100_write/ros2_ws/build/arm_visualization': CONDA_PROMPT_MODIFIER=(base) PYTHONPATH=/home/ubuntu22/so_arm100_write/ros2_ws/build/arm_visualization/prefix_override:/usr/lib/python3/dist-packages/colcon_core/task/python/colcon_distutils_commands:/home/ubuntu22/so_arm100_write/ros2_ws/install/arm_visualization/lib/python3.10/site-packages:${PYTHONPATH} /usr/bin/python3 -W ignore:setup.py install is deprecated -W ignore:easy_install command is deprecated setup.py develop --editable --build-directory /home/ubuntu22/so_arm100_write/ros2_ws/build/arm_visualization/build --no-deps symlink_data --force
[0.856s] running develop
[0.984s] running egg_info
[0.984s] writing arm_visualization.egg-info/PKG-INFO
[0.984s] writing dependency_links to arm_visualization.egg-info/dependency_links.txt
[0.984s] writing entry points to arm_visualization.egg-info/entry_points.txt
[0.984s] writing requirements to arm_visualization.egg-info/requires.txt
[0.985s] writing top-level names to arm_visualization.egg-info/top_level.txt
[0.986s] reading manifest file 'arm_visualization.egg-info/SOURCES.txt'
[0.986s] writing manifest file 'arm_visualization.egg-info/SOURCES.txt'
[0.987s] running build_ext
[0.987s] Creating /home/ubuntu22/so_arm100_write/ros2_ws/install/arm_visualization/lib/python3.10/site-packages/arm-visualization.egg-link (link to .)
[0.987s] Installing rectangle_gui script to /home/ubuntu22/so_arm100_write/ros2_ws/install/arm_visualization/lib/arm_visualization
[0.987s] Installing rectangle_visualizer script to /home/ubuntu22/so_arm100_write/ros2_ws/install/arm_visualization/lib/arm_visualization
[0.987s] 
[0.988s] Installed /home/ubuntu22/so_arm100_write/ros2_ws/build/arm_visualization
[0.988s] running symlink_data
[0.988s] symbolically linking /home/ubuntu22/so_arm100_write/ros2_ws/build/arm_visualization/resource/arm_visualization -> /home/ubuntu22/so_arm100_write/ros2_ws/install/arm_visualization/share/ament_index/resource_index/packages
[0.988s] symbolically linking /home/ubuntu22/so_arm100_write/ros2_ws/build/arm_visualization/package.xml -> /home/ubuntu22/so_arm100_write/ros2_ws/install/arm_visualization/share/arm_visualization
[1.011s] Invoked command in '/home/ubuntu22/so_arm100_write/ros2_ws/build/arm_visualization' returned '0': CONDA_PROMPT_MODIFIER=(base) PYTHONPATH=/home/ubuntu22/so_arm100_write/ros2_ws/build/arm_visualization/prefix_override:/usr/lib/python3/dist-packages/colcon_core/task/python/colcon_distutils_commands:/home/ubuntu22/so_arm100_write/ros2_ws/install/arm_visualization/lib/python3.10/site-packages:${PYTHONPATH} /usr/bin/python3 -W ignore:setup.py install is deprecated -W ignore:easy_install command is deprecated setup.py develop --editable --build-directory /home/ubuntu22/so_arm100_write/ros2_ws/build/arm_visualization/build --no-deps symlink_data --force
